2025-04-23 12:38:11.9897|DEBUG|Microsoft.AspNetCore.Mvc.ModelBinding.ModelBinderFactory|Registered model binder providers, in the following order: Microsoft.AspNetCore.Mvc.ModelBinding.Binders.BinderTypeModelBinderProvider, Microsoft.AspNetCore.Mvc.ModelBinding.Binders.ServicesModelBinderProvider, Microsoft.AspNetCore.Mvc.ModelBinding.Binders.BodyModelBinderProvider, Microsoft.AspNetCore.Mvc.ModelBinding.Binders.HeaderModelBinderProvider, Microsoft.AspNetCore.Mvc.ModelBinding.Binders.FloatingPointTypeModelBinderProvider, Microsoft.AspNetCore.Mvc.ModelBinding.Binders.EnumTypeModelBinderProvider, Microsoft.AspNetCore.Mvc.ModelBinding.Binders.DateTimeModelBinderProvider, Microsoft.AspNetCore.Mvc.ModelBinding.Binders.SimpleTypeModelBinderProvider, Microsoft.AspNetCore.Mvc.ModelBinding.Binders.TryParseModelBinderProvider, Microsoft.AspNetCore.Mvc.ModelBinding.Binders.CancellationTokenModelBinderProvider, Microsoft.AspNetCore.Mvc.ModelBinding.Binders.ByteArrayModelBinderProvider, Microsoft.AspNetCore.Mvc.ModelBinding.Binders.FormFileModelBinderProvider, Microsoft.AspNetCore.Mvc.ModelBinding.Binders.FormCollectionModelBinderProvider, Microsoft.AspNetCore.Mvc.ModelBinding.Binders.KeyValuePairModelBinderProvider, Microsoft.AspNetCore.Mvc.ModelBinding.Binders.DictionaryModelBinderProvider, Microsoft.AspNetCore.Mvc.ModelBinding.Binders.ArrayModelBinderProvider, Microsoft.AspNetCore.Mvc.ModelBinding.Binders.CollectionModelBinderProvider, Microsoft.AspNetCore.Mvc.ModelBinding.Binders.ComplexObjectModelBinderProvider 
2025-04-23 12:38:12.3003|DEBUG|Microsoft.EntityFrameworkCore.Infrastructure|An 'IServiceProvider' was created for internal use by Entity Framework. 
2025-04-23 12:38:12.8572|DEBUG|Microsoft.EntityFrameworkCore.Model|No relationship from 'Airport' to 'Flight' has been configured by convention because there are multiple properties on one entity type - {'Arrivals', 'Departures'} that could be matched with the properties on the other entity type - {'ArrivalAirport', 'DepartureAirport'}. This message can be disregarded if explicit configuration has been specified in 'OnModelCreating'. 
2025-04-23 12:38:12.8764|DEBUG|Microsoft.EntityFrameworkCore.Model|No relationship from 'Flight' to 'Airport' has been configured by convention because there are multiple properties on one entity type - {'ArrivalAirport', 'DepartureAirport'} that could be matched with the properties on the other entity type - {'Arrivals', 'Departures'}. This message can be disregarded if explicit configuration has been specified in 'OnModelCreating'. 
2025-04-23 12:38:12.9978|DEBUG|Microsoft.EntityFrameworkCore.Model|No relationship from 'Flight' to 'Airport' has been configured by convention because there are multiple properties on one entity type - {'ArrivalAirport', 'DepartureAirport'} that could be matched with the properties on the other entity type - {'Arrivals', 'Departures'}. This message can be disregarded if explicit configuration has been specified in 'OnModelCreating'. 
2025-04-23 12:38:12.9978|DEBUG|Microsoft.EntityFrameworkCore.Model|No relationship from 'Airport' to 'Flight' has been configured by convention because there are multiple properties on one entity type - {'Arrivals', 'Departures'} that could be matched with the properties on the other entity type - {'ArrivalAirport', 'DepartureAirport'}. This message can be disregarded if explicit configuration has been specified in 'OnModelCreating'. 
2025-04-23 12:38:13.1947|DEBUG|Microsoft.EntityFrameworkCore.Infrastructure|Entity Framework Core 9.0.3 initialized 'AirportScheduleContext' using provider 'Microsoft.EntityFrameworkCore.Sqlite:9.0.3' with options: None 
2025-04-23 12:38:13.3074|DEBUG|Microsoft.EntityFrameworkCore.Database.Connection|Creating DbConnection. 
2025-04-23 12:38:13.3261|DEBUG|Microsoft.EntityFrameworkCore.Database.Connection|Created DbConnection. (13ms). 
2025-04-23 12:38:13.3261|DEBUG|Microsoft.EntityFrameworkCore.Migrations|Migrating using database 'main' on server 'flightairline.db'. 
2025-04-23 12:38:13.3368|DEBUG|Microsoft.EntityFrameworkCore.Database.Connection|Creating DbConnection. 
2025-04-23 12:38:13.3368|DEBUG|Microsoft.EntityFrameworkCore.Database.Connection|Created DbConnection. (1ms). 
2025-04-23 12:38:13.3368|DEBUG|Microsoft.EntityFrameworkCore.Database.Connection|Opening connection to database 'main' on server 'flightairline.db'. 
2025-04-23 12:38:13.3589|DEBUG|Microsoft.EntityFrameworkCore.Database.Connection|Opened connection to database 'main' on server 'C:\Users\Иван\source\repos\FlightAirline\flightairline.db'. 
2025-04-23 12:38:13.3631|DEBUG|Microsoft.EntityFrameworkCore.Database.Connection|Disposing connection to database 'main' on server 'flightairline.db'. 
2025-04-23 12:38:13.3631|DEBUG|Microsoft.EntityFrameworkCore.Database.Connection|Disposed connection to database 'main' on server 'flightairline.db' (1ms). 
2025-04-23 12:38:13.3631|DEBUG|Microsoft.EntityFrameworkCore.Database.Connection|Opening connection to database 'main' on server 'flightairline.db'. 
2025-04-23 12:38:13.3631|DEBUG|Microsoft.EntityFrameworkCore.Database.Connection|Opened connection to database 'main' on server 'C:\Users\Иван\source\repos\FlightAirline\flightairline.db'. 
2025-04-23 12:38:13.3631|INFO|Microsoft.EntityFrameworkCore.Migrations|Acquiring an exclusive lock for migration application. See https://aka.ms/efcore-docs-migrations-lock for more information if this takes too long. 
2025-04-23 12:38:13.3631|DEBUG|Microsoft.EntityFrameworkCore.Database.Command|Creating DbCommand for 'ExecuteScalar'. 
2025-04-23 12:38:13.3829|DEBUG|Microsoft.EntityFrameworkCore.Database.Command|Created DbCommand for 'ExecuteScalar' (3ms). 
2025-04-23 12:38:13.3829|DEBUG|Microsoft.EntityFrameworkCore.Database.Command|Initialized DbCommand for 'ExecuteScalar' (7ms). 
2025-04-23 12:38:13.3829|DEBUG|Microsoft.EntityFrameworkCore.Database.Command|Executing DbCommand [Parameters=[], CommandType='Text', CommandTimeout='30']
SELECT COUNT(*) FROM "sqlite_master" WHERE "name" = '__EFMigrationsLock' AND "type" = 'table'; 
2025-04-23 12:38:13.4335|INFO|Microsoft.EntityFrameworkCore.Database.Command|Executed DbCommand (41ms) [Parameters=[], CommandType='Text', CommandTimeout='30']
SELECT COUNT(*) FROM "sqlite_master" WHERE "name" = '__EFMigrationsLock' AND "type" = 'table'; 
2025-04-23 12:38:13.4335|DEBUG|Microsoft.EntityFrameworkCore.Database.Command|Creating DbCommand for 'ExecuteScalar'. 
2025-04-23 12:38:13.4335|DEBUG|Microsoft.EntityFrameworkCore.Database.Command|Created DbCommand for 'ExecuteScalar' (0ms). 
2025-04-23 12:38:13.4335|DEBUG|Microsoft.EntityFrameworkCore.Database.Command|Initialized DbCommand for 'ExecuteScalar' (0ms). 
2025-04-23 12:38:13.4335|DEBUG|Microsoft.EntityFrameworkCore.Database.Command|Executing DbCommand [Parameters=[], CommandType='Text', CommandTimeout='30']
INSERT OR IGNORE INTO "__EFMigrationsLock"("Id", "Timestamp") VALUES(1, '2025-04-23 09:38:13.4355401+00:00');
SELECT changes(); 
2025-04-23 12:38:13.4430|INFO|Microsoft.EntityFrameworkCore.Database.Command|Executed DbCommand (3ms) [Parameters=[], CommandType='Text', CommandTimeout='30']
INSERT OR IGNORE INTO "__EFMigrationsLock"("Id", "Timestamp") VALUES(1, '2025-04-23 09:38:13.4355401+00:00');
SELECT changes(); 
2025-04-23 12:38:13.4992|DEBUG|Microsoft.EntityFrameworkCore.Database.Transaction|Beginning transaction with isolation level 'Unspecified'. 
2025-04-23 12:38:13.4992|DEBUG|Microsoft.EntityFrameworkCore.Database.Transaction|Began transaction with isolation level 'Serializable'. 
2025-04-23 12:38:13.5044|DEBUG|Microsoft.EntityFrameworkCore.Database.Command|Creating DbCommand for 'ExecuteNonQuery'. 
2025-04-23 12:38:13.5044|DEBUG|Microsoft.EntityFrameworkCore.Database.Command|Created DbCommand for 'ExecuteNonQuery' (0ms). 
2025-04-23 12:38:13.5044|DEBUG|Microsoft.EntityFrameworkCore.Database.Command|Initialized DbCommand for 'ExecuteNonQuery' (1ms). 
2025-04-23 12:38:13.5044|DEBUG|Microsoft.EntityFrameworkCore.Database.Command|Executing DbCommand [Parameters=[], CommandType='Text', CommandTimeout='30']
CREATE TABLE IF NOT EXISTS "__EFMigrationsHistory" (
    "MigrationId" TEXT NOT NULL CONSTRAINT "PK___EFMigrationsHistory" PRIMARY KEY,
    "ProductVersion" TEXT NOT NULL
); 
2025-04-23 12:38:13.5044|INFO|Microsoft.EntityFrameworkCore.Database.Command|Executed DbCommand (1ms) [Parameters=[], CommandType='Text', CommandTimeout='30']
CREATE TABLE IF NOT EXISTS "__EFMigrationsHistory" (
    "MigrationId" TEXT NOT NULL CONSTRAINT "PK___EFMigrationsHistory" PRIMARY KEY,
    "ProductVersion" TEXT NOT NULL
); 
2025-04-23 12:38:13.5044|DEBUG|Microsoft.EntityFrameworkCore.Database.Transaction|Committing transaction. 
2025-04-23 12:38:13.5044|DEBUG|Microsoft.EntityFrameworkCore.Database.Transaction|Committed transaction. 
2025-04-23 12:38:13.5044|DEBUG|Microsoft.EntityFrameworkCore.Database.Transaction|Disposing transaction. 
2025-04-23 12:38:13.5044|DEBUG|Microsoft.EntityFrameworkCore.Database.Transaction|Beginning transaction with isolation level 'Unspecified'. 
2025-04-23 12:38:13.5044|DEBUG|Microsoft.EntityFrameworkCore.Database.Transaction|Began transaction with isolation level 'Serializable'. 
2025-04-23 12:38:13.5044|DEBUG|Microsoft.EntityFrameworkCore.Database.Connection|Creating DbConnection. 
2025-04-23 12:38:13.5044|DEBUG|Microsoft.EntityFrameworkCore.Database.Connection|Created DbConnection. (0ms). 
2025-04-23 12:38:13.5044|DEBUG|Microsoft.EntityFrameworkCore.Database.Connection|Opening connection to database 'main' on server 'flightairline.db'. 
2025-04-23 12:38:13.5044|DEBUG|Microsoft.EntityFrameworkCore.Database.Connection|Opened connection to database 'main' on server 'C:\Users\Иван\source\repos\FlightAirline\flightairline.db'. 
2025-04-23 12:38:13.5044|DEBUG|Microsoft.EntityFrameworkCore.Database.Connection|Disposing connection to database 'main' on server 'flightairline.db'. 
2025-04-23 12:38:13.5044|DEBUG|Microsoft.EntityFrameworkCore.Database.Connection|Disposed connection to database 'main' on server 'flightairline.db' (0ms). 
2025-04-23 12:38:13.5044|DEBUG|Microsoft.EntityFrameworkCore.Database.Command|Creating DbCommand for 'ExecuteScalar'. 
2025-04-23 12:38:13.5044|DEBUG|Microsoft.EntityFrameworkCore.Database.Command|Created DbCommand for 'ExecuteScalar' (0ms). 
2025-04-23 12:38:13.5044|DEBUG|Microsoft.EntityFrameworkCore.Database.Command|Initialized DbCommand for 'ExecuteScalar' (0ms). 
2025-04-23 12:38:13.5044|DEBUG|Microsoft.EntityFrameworkCore.Database.Command|Executing DbCommand [Parameters=[], CommandType='Text', CommandTimeout='30']
SELECT COUNT(*) FROM "sqlite_master" WHERE "name" = '__EFMigrationsHistory' AND "type" = 'table'; 
2025-04-23 12:38:13.5044|INFO|Microsoft.EntityFrameworkCore.Database.Command|Executed DbCommand (0ms) [Parameters=[], CommandType='Text', CommandTimeout='30']
SELECT COUNT(*) FROM "sqlite_master" WHERE "name" = '__EFMigrationsHistory' AND "type" = 'table'; 
2025-04-23 12:38:13.5206|DEBUG|Microsoft.EntityFrameworkCore.Database.Command|Creating DbCommand for 'ExecuteReader'. 
2025-04-23 12:38:13.5206|DEBUG|Microsoft.EntityFrameworkCore.Database.Command|Created DbCommand for 'ExecuteReader' (0ms). 
2025-04-23 12:38:13.5206|DEBUG|Microsoft.EntityFrameworkCore.Database.Command|Initialized DbCommand for 'ExecuteReader' (0ms). 
2025-04-23 12:38:13.5206|DEBUG|Microsoft.EntityFrameworkCore.Database.Command|Executing DbCommand [Parameters=[], CommandType='Text', CommandTimeout='30']
SELECT "MigrationId", "ProductVersion"
FROM "__EFMigrationsHistory"
ORDER BY "MigrationId"; 
2025-04-23 12:38:13.5206|INFO|Microsoft.EntityFrameworkCore.Database.Command|Executed DbCommand (1ms) [Parameters=[], CommandType='Text', CommandTimeout='30']
SELECT "MigrationId", "ProductVersion"
FROM "__EFMigrationsHistory"
ORDER BY "MigrationId"; 
2025-04-23 12:38:13.5206|DEBUG|Microsoft.EntityFrameworkCore.Database.Command|Closing data reader to 'main' on server 'C:\Users\Иван\source\repos\FlightAirline\flightairline.db'. 
2025-04-23 12:38:13.5206|DEBUG|Microsoft.EntityFrameworkCore.Database.Command|A data reader for 'main' on server 'C:\Users\Иван\source\repos\FlightAirline\flightairline.db' is being disposed after spending 2ms reading results. 
2025-04-23 12:38:13.5206|INFO|Microsoft.EntityFrameworkCore.Migrations|No migrations were applied. The database is already up to date. 
2025-04-23 12:38:13.5206|DEBUG|Microsoft.EntityFrameworkCore.Database.Transaction|Committing transaction. 
2025-04-23 12:38:13.5206|DEBUG|Microsoft.EntityFrameworkCore.Database.Transaction|Committed transaction. 
2025-04-23 12:38:13.5206|DEBUG|Microsoft.EntityFrameworkCore.Database.Command|Creating DbCommand for 'ExecuteScalar'. 
2025-04-23 12:38:13.5206|DEBUG|Microsoft.EntityFrameworkCore.Database.Command|Created DbCommand for 'ExecuteScalar' (0ms). 
2025-04-23 12:38:13.5206|DEBUG|Microsoft.EntityFrameworkCore.Database.Command|Initialized DbCommand for 'ExecuteScalar' (0ms). 
2025-04-23 12:38:13.5206|DEBUG|Microsoft.EntityFrameworkCore.Database.Command|Executing DbCommand [Parameters=[], CommandType='Text', CommandTimeout='30']
DELETE FROM "__EFMigrationsLock"; 
2025-04-23 12:38:13.5355|INFO|Microsoft.EntityFrameworkCore.Database.Command|Executed DbCommand (2ms) [Parameters=[], CommandType='Text', CommandTimeout='30']
DELETE FROM "__EFMigrationsLock"; 
2025-04-23 12:38:13.5355|DEBUG|Microsoft.EntityFrameworkCore.Database.Transaction|Disposing transaction. 
2025-04-23 12:38:13.5355|DEBUG|Microsoft.EntityFrameworkCore.Database.Connection|Closing connection to database 'main' on server 'C:\Users\Иван\source\repos\FlightAirline\flightairline.db'. 
2025-04-23 12:38:13.5355|DEBUG|Microsoft.EntityFrameworkCore.Database.Connection|Closed connection to database 'main' on server 'flightairline.db' (2ms). 
2025-04-23 12:38:13.5355|DEBUG|Microsoft.EntityFrameworkCore.Infrastructure|'AirportScheduleContext' disposed. 
2025-04-23 12:38:13.5355|DEBUG|Microsoft.EntityFrameworkCore.Database.Connection|Disposing connection to database 'main' on server 'flightairline.db'. 
2025-04-23 12:38:13.5355|DEBUG|Microsoft.EntityFrameworkCore.Database.Connection|Disposed connection to database 'main' on server 'flightairline.db' (0ms). 
2025-04-23 12:38:13.5355|DEBUG|Microsoft.Extensions.Hosting.Internal.Host|Hosting starting 
2025-04-23 12:38:13.7673|INFO|Microsoft.Hosting.Lifetime|Now listening on: http://localhost:5263 
2025-04-23 12:38:13.7673|DEBUG|Microsoft.AspNetCore.Hosting.Diagnostics|Loaded hosting startup assembly FlightAirline 
2025-04-23 12:38:13.7673|DEBUG|Microsoft.AspNetCore.Hosting.Diagnostics|Loaded hosting startup assembly Microsoft.WebTools.ApiEndpointDiscovery 
2025-04-23 12:38:13.7673|DEBUG|Microsoft.AspNetCore.Hosting.Diagnostics|Loaded hosting startup assembly Microsoft.AspNetCore.Watch.BrowserRefresh 
2025-04-23 12:38:13.7673|DEBUG|Microsoft.AspNetCore.Hosting.Diagnostics|Loaded hosting startup assembly Microsoft.WebTools.BrowserLink.Net 
2025-04-23 12:38:14.0018|INFO|Microsoft.Hosting.Lifetime|Application started. Press Ctrl+C to shut down. 
2025-04-23 12:38:14.0018|INFO|Microsoft.Hosting.Lifetime|Hosting environment: Development 
2025-04-23 12:38:14.0018|INFO|Microsoft.Hosting.Lifetime|Content root path: C:\Users\Иван\source\repos\FlightAirline 
2025-04-23 12:38:14.0018|DEBUG|Microsoft.Extensions.Hosting.Internal.Host|Hosting started 
2025-04-23 12:38:14.0790|DEBUG|Microsoft.AspNetCore.Server.Kestrel.Connections|Connection id "0HNC29A8RQTJQ" accepted. 
2025-04-23 12:38:14.0790|DEBUG|Microsoft.AspNetCore.Server.Kestrel.Connections|Connection id "0HNC29A8RQTJR" accepted. 
2025-04-23 12:38:14.0888|DEBUG|Microsoft.AspNetCore.Server.Kestrel.Connections|Connection id "0HNC29A8RQTJQ" started. 
2025-04-23 12:38:14.0888|DEBUG|Microsoft.AspNetCore.Server.Kestrel.Connections|Connection id "0HNC29A8RQTJR" started. 
2025-04-23 12:38:14.0888|DEBUG|Microsoft.AspNetCore.Server.Kestrel.Transport.Sockets|Connection id "0HNC29A8RQTJQ" received FIN. 
2025-04-23 12:38:14.0888|DEBUG|Microsoft.AspNetCore.Server.Kestrel.Transport.Sockets|Connection id "0HNC29A8RQTJR" received FIN. 
2025-04-23 12:38:14.1133|DEBUG|Microsoft.AspNetCore.Server.Kestrel.Transport.Sockets|Connection id "0HNC29A8RQTJR" sending FIN because: "The Socket transport's send loop completed gracefully." 
2025-04-23 12:38:14.1133|DEBUG|Microsoft.AspNetCore.Server.Kestrel.Transport.Sockets|Connection id "0HNC29A8RQTJQ" sending FIN because: "The Socket transport's send loop completed gracefully." 
2025-04-23 12:38:14.1133|DEBUG|Microsoft.AspNetCore.Server.Kestrel.Connections|Connection id "0HNC29A8RQTJQ" disconnecting. 
2025-04-23 12:38:14.1133|DEBUG|Microsoft.AspNetCore.Server.Kestrel.Connections|Connection id "0HNC29A8RQTJR" disconnecting. 
2025-04-23 12:38:14.1133|DEBUG|Microsoft.AspNetCore.Server.Kestrel.Connections|Connection id "0HNC29A8RQTJQ" stopped. 
2025-04-23 12:38:14.1133|DEBUG|Microsoft.AspNetCore.Server.Kestrel.Connections|Connection id "0HNC29A8RQTJR" stopped. 
2025-04-23 12:38:14.6074|DEBUG|Microsoft.AspNetCore.Server.Kestrel.Connections|Connection id "0HNC29A8RQTJS" accepted. 
2025-04-23 12:38:14.6074|DEBUG|Microsoft.AspNetCore.Server.Kestrel.Connections|Connection id "0HNC29A8RQTJS" started. 
2025-04-23 12:38:14.6174|DEBUG|Microsoft.AspNetCore.Server.Kestrel.Connections|Connection id "0HNC29A8RQTJT" accepted. 
2025-04-23 12:38:14.6174|DEBUG|Microsoft.AspNetCore.Server.Kestrel.Connections|Connection id "0HNC29A8RQTJT" started. 
2025-04-23 12:38:14.6679|INFO|Microsoft.AspNetCore.Hosting.Diagnostics|Request starting HTTP/1.1 GET http://localhost:5263/swagger - - - 
2025-04-23 12:38:16.1264|DEBUG|Microsoft.AspNetCore.HostFiltering.HostFilteringMiddleware|Wildcard detected, all requests with hosts will be allowed. 
2025-04-23 12:38:16.1525|DEBUG|Microsoft.AspNetCore.Server.Kestrel.Connections|Connection id "0HNC29A8RQTJS" completed keep alive response. 
2025-04-23 12:38:16.1525|INFO|Microsoft.AspNetCore.Hosting.Diagnostics|Request finished HTTP/1.1 GET http://localhost:5263/swagger - 301 0 - 1509.8134ms 
2025-04-23 12:38:16.1525|INFO|Microsoft.AspNetCore.Hosting.Diagnostics|Request starting HTTP/1.1 GET http://localhost:5263/swagger/index.html - - - 
2025-04-23 12:38:17.6523|DEBUG|Microsoft.AspNetCore.Watch.BrowserRefresh.BrowserRefreshMiddleware|Response markup is scheduled to include browser refresh script injection. 
2025-04-23 12:38:17.6668|DEBUG|Microsoft.AspNetCore.Watch.BrowserRefresh.BrowserRefreshMiddleware|Response markup was updated to include browser refresh script injection. 
2025-04-23 12:38:17.6668|DEBUG|Microsoft.AspNetCore.Server.Kestrel.Connections|Connection id "0HNC29A8RQTJS" completed keep alive response. 
2025-04-23 12:38:17.6668|INFO|Microsoft.AspNetCore.Hosting.Diagnostics|Request finished HTTP/1.1 GET http://localhost:5263/swagger/index.html - 200 - text/html;charset=utf-8 1509.4943ms 
2025-04-23 12:38:17.6821|INFO|Microsoft.AspNetCore.Hosting.Diagnostics|Request starting HTTP/1.1 GET http://localhost:5263/swagger/swagger-ui.css - - - 
2025-04-23 12:38:17.6821|INFO|Microsoft.AspNetCore.Hosting.Diagnostics|Request starting HTTP/1.1 GET http://localhost:5263/swagger/index.css - - - 
2025-04-23 12:38:17.6821|DEBUG|Microsoft.AspNetCore.Server.Kestrel.Connections|Connection id "0HNC29A8RQTJU" accepted. 
2025-04-23 12:38:17.6821|DEBUG|Microsoft.AspNetCore.Server.Kestrel.Connections|Connection id "0HNC29A8RQTJU" started. 
2025-04-23 12:38:17.6821|DEBUG|Microsoft.AspNetCore.Server.Kestrel.Connections|Connection id "0HNC29A8RQTJV" accepted. 
2025-04-23 12:38:17.6821|DEBUG|Microsoft.AspNetCore.Server.Kestrel.Connections|Connection id "0HNC29A8RQTJV" started. 
2025-04-23 12:38:17.6821|INFO|Microsoft.AspNetCore.Hosting.Diagnostics|Request starting HTTP/1.1 GET http://localhost:5263/swagger/swagger-ui-bundle.js - - - 
2025-04-23 12:38:17.6821|INFO|Microsoft.AspNetCore.Hosting.Diagnostics|Request starting HTTP/1.1 GET http://localhost:5263/swagger/swagger-ui-standalone-preset.js - - - 
2025-04-23 12:38:17.6821|DEBUG|Microsoft.AspNetCore.Server.Kestrel.Connections|Connection id "0HNC29A8RQTK0" accepted. 
2025-04-23 12:38:17.6973|DEBUG|Microsoft.AspNetCore.Server.Kestrel.Connections|Connection id "0HNC29A8RQTK0" started. 
2025-04-23 12:38:17.6973|INFO|Microsoft.AspNetCore.Hosting.Diagnostics|Request starting HTTP/1.1 GET http://localhost:5263/swagger/index.js - - - 
2025-04-23 12:38:17.6973|DEBUG|Microsoft.AspNetCore.Server.Kestrel.Connections|Connection id "0HNC29A8RQTK1" accepted. 
2025-04-23 12:38:17.6973|DEBUG|Microsoft.AspNetCore.Server.Kestrel.Connections|Connection id "0HNC29A8RQTK1" started. 
2025-04-23 12:38:17.6973|INFO|Microsoft.AspNetCore.Hosting.Diagnostics|Request starting HTTP/1.1 GET http://localhost:5263/_framework/aspnetcore-browser-refresh.js - - - 
2025-04-23 12:38:17.6973|DEBUG|Microsoft.AspNetCore.Server.Kestrel.Connections|Connection id "0HNC29A8RQTK0" completed keep alive response. 
2025-04-23 12:38:17.6973|INFO|Microsoft.AspNetCore.Hosting.Diagnostics|Request finished HTTP/1.1 GET http://localhost:5263/swagger/index.js - 200 - application/javascript;charset=utf-8 4.0054ms 
2025-04-23 12:38:17.7097|DEBUG|Microsoft.AspNetCore.Server.Kestrel.Connections|Connection id "0HNC29A8RQTK1" completed keep alive response. 
2025-04-23 12:38:17.7097|INFO|Microsoft.AspNetCore.Hosting.Diagnostics|Request finished HTTP/1.1 GET http://localhost:5263/_framework/aspnetcore-browser-refresh.js - 200 13762 application/javascript;+charset=utf-8 6.3974ms 
2025-04-23 12:38:17.7097|INFO|Microsoft.AspNetCore.StaticFiles.StaticFileMiddleware|Sending file. Request path: '/index.css'. Physical path: 'N/A' 
2025-04-23 12:38:17.7097|DEBUG|Microsoft.AspNetCore.Server.Kestrel.Connections|Connection id "0HNC29A8RQTJT" completed keep alive response. 
2025-04-23 12:38:17.7097|INFO|Microsoft.AspNetCore.Hosting.Diagnostics|Request finished HTTP/1.1 GET http://localhost:5263/swagger/index.css - 200 202 text/css 38.1308ms 
2025-04-23 12:38:17.7513|INFO|Microsoft.AspNetCore.StaticFiles.StaticFileMiddleware|Sending file. Request path: '/swagger-ui-standalone-preset.js'. Physical path: 'N/A' 
2025-04-23 12:38:17.7513|INFO|Microsoft.AspNetCore.StaticFiles.StaticFileMiddleware|Sending file. Request path: '/swagger-ui.css'. Physical path: 'N/A' 
2025-04-23 12:38:17.7657|DEBUG|Microsoft.AspNetCore.Server.Kestrel.Connections|Connection id "0HNC29A8RQTJV" completed keep alive response. 
2025-04-23 12:38:17.7657|DEBUG|Microsoft.AspNetCore.Server.Kestrel.Connections|Connection id "0HNC29A8RQTJS" completed keep alive response. 
2025-04-23 12:38:17.7657|INFO|Microsoft.AspNetCore.Hosting.Diagnostics|Request finished HTTP/1.1 GET http://localhost:5263/swagger/swagger-ui-standalone-preset.js - 200 229223 text/javascript 76.0481ms 
2025-04-23 12:38:17.7657|INFO|Microsoft.AspNetCore.Hosting.Diagnostics|Request finished HTTP/1.1 GET http://localhost:5263/swagger/swagger-ui.css - 200 154948 text/css 84.7974ms 
2025-04-23 12:38:17.8029|INFO|Microsoft.AspNetCore.StaticFiles.StaticFileMiddleware|Sending file. Request path: '/swagger-ui-bundle.js'. Physical path: 'N/A' 
2025-04-23 12:38:17.8029|DEBUG|Microsoft.AspNetCore.Server.Kestrel.Connections|Connection id "0HNC29A8RQTJU" completed keep alive response. 
2025-04-23 12:38:17.8029|INFO|Microsoft.AspNetCore.Hosting.Diagnostics|Request finished HTTP/1.1 GET http://localhost:5263/swagger/swagger-ui-bundle.js - 200 1466741 text/javascript 115.2874ms 
2025-04-23 12:38:19.1322|INFO|Microsoft.AspNetCore.Hosting.Diagnostics|Request starting HTTP/1.1 GET http://localhost:5263/swagger/favicon-32x32.png - - - 
2025-04-23 12:38:19.1322|INFO|Microsoft.AspNetCore.StaticFiles.StaticFileMiddleware|Sending file. Request path: '/favicon-32x32.png'. Physical path: 'N/A' 
2025-04-23 12:38:19.1322|DEBUG|Microsoft.AspNetCore.Server.Kestrel.Connections|Connection id "0HNC29A8RQTJU" completed keep alive response. 
2025-04-23 12:38:19.1322|INFO|Microsoft.AspNetCore.Hosting.Diagnostics|Request finished HTTP/1.1 GET http://localhost:5263/swagger/favicon-32x32.png - 200 628 image/png 2.0465ms 
2025-04-23 12:38:19.2181|INFO|Microsoft.AspNetCore.Hosting.Diagnostics|Request starting HTTP/1.1 GET http://localhost:5263/swagger/v1/swagger.json - - - 
2025-04-23 12:38:19.2681|DEBUG|Microsoft.AspNetCore.Server.Kestrel.Connections|Connection id "0HNC29A8RQTJU" completed keep alive response. 
2025-04-23 12:38:19.2681|INFO|Microsoft.AspNetCore.Hosting.Diagnostics|Request finished HTTP/1.1 GET http://localhost:5263/swagger/v1/swagger.json - 200 - application/json;charset=utf-8 50.3484ms 
2025-04-23 12:53:03.7411|DEBUG|Microsoft.AspNetCore.Mvc.ModelBinding.ModelBinderFactory|Registered model binder providers, in the following order: Microsoft.AspNetCore.Mvc.ModelBinding.Binders.BinderTypeModelBinderProvider, Microsoft.AspNetCore.Mvc.ModelBinding.Binders.ServicesModelBinderProvider, Microsoft.AspNetCore.Mvc.ModelBinding.Binders.BodyModelBinderProvider, Microsoft.AspNetCore.Mvc.ModelBinding.Binders.HeaderModelBinderProvider, Microsoft.AspNetCore.Mvc.ModelBinding.Binders.FloatingPointTypeModelBinderProvider, Microsoft.AspNetCore.Mvc.ModelBinding.Binders.EnumTypeModelBinderProvider, Microsoft.AspNetCore.Mvc.ModelBinding.Binders.DateTimeModelBinderProvider, Microsoft.AspNetCore.Mvc.ModelBinding.Binders.SimpleTypeModelBinderProvider, Microsoft.AspNetCore.Mvc.ModelBinding.Binders.TryParseModelBinderProvider, Microsoft.AspNetCore.Mvc.ModelBinding.Binders.CancellationTokenModelBinderProvider, Microsoft.AspNetCore.Mvc.ModelBinding.Binders.ByteArrayModelBinderProvider, Microsoft.AspNetCore.Mvc.ModelBinding.Binders.FormFileModelBinderProvider, Microsoft.AspNetCore.Mvc.ModelBinding.Binders.FormCollectionModelBinderProvider, Microsoft.AspNetCore.Mvc.ModelBinding.Binders.KeyValuePairModelBinderProvider, Microsoft.AspNetCore.Mvc.ModelBinding.Binders.DictionaryModelBinderProvider, Microsoft.AspNetCore.Mvc.ModelBinding.Binders.ArrayModelBinderProvider, Microsoft.AspNetCore.Mvc.ModelBinding.Binders.CollectionModelBinderProvider, Microsoft.AspNetCore.Mvc.ModelBinding.Binders.ComplexObjectModelBinderProvider 
2025-04-23 12:53:03.9701|DEBUG|Microsoft.EntityFrameworkCore.Infrastructure|An 'IServiceProvider' was created for internal use by Entity Framework. 
2025-04-23 12:53:04.4036|DEBUG|Microsoft.EntityFrameworkCore.Model|No relationship from 'Airport' to 'Flight' has been configured by convention because there are multiple properties on one entity type - {'Arrivals', 'Departures'} that could be matched with the properties on the other entity type - {'ArrivalAirport', 'DepartureAirport'}. This message can be disregarded if explicit configuration has been specified in 'OnModelCreating'. 
2025-04-23 12:53:04.4187|DEBUG|Microsoft.EntityFrameworkCore.Model|No relationship from 'Flight' to 'Airport' has been configured by convention because there are multiple properties on one entity type - {'ArrivalAirport', 'DepartureAirport'} that could be matched with the properties on the other entity type - {'Arrivals', 'Departures'}. This message can be disregarded if explicit configuration has been specified in 'OnModelCreating'. 
2025-04-23 12:53:04.5359|DEBUG|Microsoft.EntityFrameworkCore.Model|No relationship from 'Flight' to 'Airport' has been configured by convention because there are multiple properties on one entity type - {'ArrivalAirport', 'DepartureAirport'} that could be matched with the properties on the other entity type - {'Arrivals', 'Departures'}. This message can be disregarded if explicit configuration has been specified in 'OnModelCreating'. 
2025-04-23 12:53:04.5359|DEBUG|Microsoft.EntityFrameworkCore.Model|No relationship from 'Airport' to 'Flight' has been configured by convention because there are multiple properties on one entity type - {'Arrivals', 'Departures'} that could be matched with the properties on the other entity type - {'ArrivalAirport', 'DepartureAirport'}. This message can be disregarded if explicit configuration has been specified in 'OnModelCreating'. 
2025-04-23 12:53:04.7166|DEBUG|Microsoft.EntityFrameworkCore.Infrastructure|Entity Framework Core 9.0.3 initialized 'AirportScheduleContext' using provider 'Microsoft.EntityFrameworkCore.Sqlite:9.0.3' with options: None 
2025-04-23 12:53:04.8227|DEBUG|Microsoft.EntityFrameworkCore.Database.Connection|Creating DbConnection. 
2025-04-23 12:53:04.8227|DEBUG|Microsoft.EntityFrameworkCore.Database.Connection|Created DbConnection. (12ms). 
2025-04-23 12:53:04.8227|DEBUG|Microsoft.EntityFrameworkCore.Migrations|Migrating using database 'main' on server 'flightairline.db'. 
2025-04-23 12:53:04.8470|DEBUG|Microsoft.EntityFrameworkCore.Database.Connection|Creating DbConnection. 
2025-04-23 12:53:04.8480|DEBUG|Microsoft.EntityFrameworkCore.Database.Connection|Created DbConnection. (0ms). 
2025-04-23 12:53:04.8480|DEBUG|Microsoft.EntityFrameworkCore.Database.Connection|Opening connection to database 'main' on server 'flightairline.db'. 
2025-04-23 12:53:04.8480|DEBUG|Microsoft.EntityFrameworkCore.Database.Connection|Opened connection to database 'main' on server 'C:\Users\Иван\source\repos\FlightAirline\flightairline.db'. 
2025-04-23 12:53:04.8480|DEBUG|Microsoft.EntityFrameworkCore.Database.Connection|Disposing connection to database 'main' on server 'flightairline.db'. 
2025-04-23 12:53:04.8480|DEBUG|Microsoft.EntityFrameworkCore.Database.Connection|Disposed connection to database 'main' on server 'flightairline.db' (1ms). 
2025-04-23 12:53:04.8480|DEBUG|Microsoft.EntityFrameworkCore.Database.Connection|Opening connection to database 'main' on server 'flightairline.db'. 
2025-04-23 12:53:04.8480|DEBUG|Microsoft.EntityFrameworkCore.Database.Connection|Opened connection to database 'main' on server 'C:\Users\Иван\source\repos\FlightAirline\flightairline.db'. 
2025-04-23 12:53:04.8480|INFO|Microsoft.EntityFrameworkCore.Migrations|Acquiring an exclusive lock for migration application. See https://aka.ms/efcore-docs-migrations-lock for more information if this takes too long. 
2025-04-23 12:53:04.8480|DEBUG|Microsoft.EntityFrameworkCore.Database.Command|Creating DbCommand for 'ExecuteScalar'. 
2025-04-23 12:53:04.8819|DEBUG|Microsoft.EntityFrameworkCore.Database.Command|Created DbCommand for 'ExecuteScalar' (2ms). 
2025-04-23 12:53:04.8819|DEBUG|Microsoft.EntityFrameworkCore.Database.Command|Initialized DbCommand for 'ExecuteScalar' (6ms). 
2025-04-23 12:53:04.8819|DEBUG|Microsoft.EntityFrameworkCore.Database.Command|Executing DbCommand [Parameters=[], CommandType='Text', CommandTimeout='30']
SELECT COUNT(*) FROM "sqlite_master" WHERE "name" = '__EFMigrationsLock' AND "type" = 'table'; 
2025-04-23 12:53:04.9060|INFO|Microsoft.EntityFrameworkCore.Database.Command|Executed DbCommand (16ms) [Parameters=[], CommandType='Text', CommandTimeout='30']
SELECT COUNT(*) FROM "sqlite_master" WHERE "name" = '__EFMigrationsLock' AND "type" = 'table'; 
2025-04-23 12:53:04.9113|DEBUG|Microsoft.EntityFrameworkCore.Database.Command|Creating DbCommand for 'ExecuteScalar'. 
2025-04-23 12:53:04.9113|DEBUG|Microsoft.EntityFrameworkCore.Database.Command|Created DbCommand for 'ExecuteScalar' (0ms). 
2025-04-23 12:53:04.9113|DEBUG|Microsoft.EntityFrameworkCore.Database.Command|Initialized DbCommand for 'ExecuteScalar' (0ms). 
2025-04-23 12:53:04.9113|DEBUG|Microsoft.EntityFrameworkCore.Database.Command|Executing DbCommand [Parameters=[], CommandType='Text', CommandTimeout='30']
INSERT OR IGNORE INTO "__EFMigrationsLock"("Id", "Timestamp") VALUES(1, '2025-04-23 09:53:04.9084697+00:00');
SELECT changes(); 
2025-04-23 12:53:04.9397|INFO|Microsoft.EntityFrameworkCore.Database.Command|Executed DbCommand (28ms) [Parameters=[], CommandType='Text', CommandTimeout='30']
INSERT OR IGNORE INTO "__EFMigrationsLock"("Id", "Timestamp") VALUES(1, '2025-04-23 09:53:04.9084697+00:00');
SELECT changes(); 
2025-04-23 12:53:04.9951|DEBUG|Microsoft.EntityFrameworkCore.Database.Transaction|Beginning transaction with isolation level 'Unspecified'. 
2025-04-23 12:53:04.9951|DEBUG|Microsoft.EntityFrameworkCore.Database.Transaction|Began transaction with isolation level 'Serializable'. 
2025-04-23 12:53:04.9951|DEBUG|Microsoft.EntityFrameworkCore.Database.Command|Creating DbCommand for 'ExecuteNonQuery'. 
2025-04-23 12:53:04.9951|DEBUG|Microsoft.EntityFrameworkCore.Database.Command|Created DbCommand for 'ExecuteNonQuery' (0ms). 
2025-04-23 12:53:04.9951|DEBUG|Microsoft.EntityFrameworkCore.Database.Command|Initialized DbCommand for 'ExecuteNonQuery' (1ms). 
2025-04-23 12:53:04.9951|DEBUG|Microsoft.EntityFrameworkCore.Database.Command|Executing DbCommand [Parameters=[], CommandType='Text', CommandTimeout='30']
CREATE TABLE IF NOT EXISTS "__EFMigrationsHistory" (
    "MigrationId" TEXT NOT NULL CONSTRAINT "PK___EFMigrationsHistory" PRIMARY KEY,
    "ProductVersion" TEXT NOT NULL
); 
2025-04-23 12:53:04.9951|INFO|Microsoft.EntityFrameworkCore.Database.Command|Executed DbCommand (1ms) [Parameters=[], CommandType='Text', CommandTimeout='30']
CREATE TABLE IF NOT EXISTS "__EFMigrationsHistory" (
    "MigrationId" TEXT NOT NULL CONSTRAINT "PK___EFMigrationsHistory" PRIMARY KEY,
    "ProductVersion" TEXT NOT NULL
); 
2025-04-23 12:53:05.0041|DEBUG|Microsoft.EntityFrameworkCore.Database.Transaction|Committing transaction. 
2025-04-23 12:53:05.0041|DEBUG|Microsoft.EntityFrameworkCore.Database.Transaction|Committed transaction. 
2025-04-23 12:53:05.0041|DEBUG|Microsoft.EntityFrameworkCore.Database.Transaction|Disposing transaction. 
2025-04-23 12:53:05.0041|DEBUG|Microsoft.EntityFrameworkCore.Database.Transaction|Beginning transaction with isolation level 'Unspecified'. 
2025-04-23 12:53:05.0041|DEBUG|Microsoft.EntityFrameworkCore.Database.Transaction|Began transaction with isolation level 'Serializable'. 
2025-04-23 12:53:05.0041|DEBUG|Microsoft.EntityFrameworkCore.Database.Connection|Creating DbConnection. 
2025-04-23 12:53:05.0041|DEBUG|Microsoft.EntityFrameworkCore.Database.Connection|Created DbConnection. (0ms). 
2025-04-23 12:53:05.0041|DEBUG|Microsoft.EntityFrameworkCore.Database.Connection|Opening connection to database 'main' on server 'flightairline.db'. 
2025-04-23 12:53:05.0041|DEBUG|Microsoft.EntityFrameworkCore.Database.Connection|Opened connection to database 'main' on server 'C:\Users\Иван\source\repos\FlightAirline\flightairline.db'. 
2025-04-23 12:53:05.0041|DEBUG|Microsoft.EntityFrameworkCore.Database.Connection|Disposing connection to database 'main' on server 'flightairline.db'. 
2025-04-23 12:53:05.0041|DEBUG|Microsoft.EntityFrameworkCore.Database.Connection|Disposed connection to database 'main' on server 'flightairline.db' (0ms). 
2025-04-23 12:53:05.0041|DEBUG|Microsoft.EntityFrameworkCore.Database.Command|Creating DbCommand for 'ExecuteScalar'. 
2025-04-23 12:53:05.0041|DEBUG|Microsoft.EntityFrameworkCore.Database.Command|Created DbCommand for 'ExecuteScalar' (0ms). 
2025-04-23 12:53:05.0041|DEBUG|Microsoft.EntityFrameworkCore.Database.Command|Initialized DbCommand for 'ExecuteScalar' (0ms). 
2025-04-23 12:53:05.0041|DEBUG|Microsoft.EntityFrameworkCore.Database.Command|Executing DbCommand [Parameters=[], CommandType='Text', CommandTimeout='30']
SELECT COUNT(*) FROM "sqlite_master" WHERE "name" = '__EFMigrationsHistory' AND "type" = 'table'; 
2025-04-23 12:53:05.0041|INFO|Microsoft.EntityFrameworkCore.Database.Command|Executed DbCommand (0ms) [Parameters=[], CommandType='Text', CommandTimeout='30']
SELECT COUNT(*) FROM "sqlite_master" WHERE "name" = '__EFMigrationsHistory' AND "type" = 'table'; 
2025-04-23 12:53:05.0041|DEBUG|Microsoft.EntityFrameworkCore.Database.Command|Creating DbCommand for 'ExecuteReader'. 
2025-04-23 12:53:05.0041|DEBUG|Microsoft.EntityFrameworkCore.Database.Command|Created DbCommand for 'ExecuteReader' (0ms). 
2025-04-23 12:53:05.0041|DEBUG|Microsoft.EntityFrameworkCore.Database.Command|Initialized DbCommand for 'ExecuteReader' (0ms). 
2025-04-23 12:53:05.0041|DEBUG|Microsoft.EntityFrameworkCore.Database.Command|Executing DbCommand [Parameters=[], CommandType='Text', CommandTimeout='30']
SELECT "MigrationId", "ProductVersion"
FROM "__EFMigrationsHistory"
ORDER BY "MigrationId"; 
2025-04-23 12:53:05.0041|INFO|Microsoft.EntityFrameworkCore.Database.Command|Executed DbCommand (1ms) [Parameters=[], CommandType='Text', CommandTimeout='30']
SELECT "MigrationId", "ProductVersion"
FROM "__EFMigrationsHistory"
ORDER BY "MigrationId"; 
2025-04-23 12:53:05.0041|DEBUG|Microsoft.EntityFrameworkCore.Database.Command|Closing data reader to 'main' on server 'C:\Users\Иван\source\repos\FlightAirline\flightairline.db'. 
2025-04-23 12:53:05.0041|DEBUG|Microsoft.EntityFrameworkCore.Database.Command|A data reader for 'main' on server 'C:\Users\Иван\source\repos\FlightAirline\flightairline.db' is being disposed after spending 2ms reading results. 
2025-04-23 12:53:05.0260|INFO|Microsoft.EntityFrameworkCore.Migrations|No migrations were applied. The database is already up to date. 
2025-04-23 12:53:05.0260|DEBUG|Microsoft.EntityFrameworkCore.Database.Transaction|Committing transaction. 
2025-04-23 12:53:05.0260|DEBUG|Microsoft.EntityFrameworkCore.Database.Transaction|Committed transaction. 
2025-04-23 12:53:05.0260|DEBUG|Microsoft.EntityFrameworkCore.Database.Command|Creating DbCommand for 'ExecuteScalar'. 
2025-04-23 12:53:05.0260|DEBUG|Microsoft.EntityFrameworkCore.Database.Command|Created DbCommand for 'ExecuteScalar' (0ms). 
2025-04-23 12:53:05.0260|DEBUG|Microsoft.EntityFrameworkCore.Database.Command|Initialized DbCommand for 'ExecuteScalar' (0ms). 
2025-04-23 12:53:05.0260|DEBUG|Microsoft.EntityFrameworkCore.Database.Command|Executing DbCommand [Parameters=[], CommandType='Text', CommandTimeout='30']
DELETE FROM "__EFMigrationsLock"; 
2025-04-23 12:53:05.0260|INFO|Microsoft.EntityFrameworkCore.Database.Command|Executed DbCommand (1ms) [Parameters=[], CommandType='Text', CommandTimeout='30']
DELETE FROM "__EFMigrationsLock"; 
2025-04-23 12:53:05.0260|DEBUG|Microsoft.EntityFrameworkCore.Database.Transaction|Disposing transaction. 
2025-04-23 12:53:05.0260|DEBUG|Microsoft.EntityFrameworkCore.Database.Connection|Closing connection to database 'main' on server 'C:\Users\Иван\source\repos\FlightAirline\flightairline.db'. 
2025-04-23 12:53:05.0260|DEBUG|Microsoft.EntityFrameworkCore.Database.Connection|Closed connection to database 'main' on server 'flightairline.db' (3ms). 
2025-04-23 12:53:05.0260|DEBUG|Microsoft.EntityFrameworkCore.Infrastructure|'AirportScheduleContext' disposed. 
2025-04-23 12:53:05.0260|DEBUG|Microsoft.EntityFrameworkCore.Database.Connection|Disposing connection to database 'main' on server 'flightairline.db'. 
2025-04-23 12:53:05.0260|DEBUG|Microsoft.EntityFrameworkCore.Database.Connection|Disposed connection to database 'main' on server 'flightairline.db' (0ms). 
2025-04-23 12:53:05.0397|DEBUG|Microsoft.Extensions.Hosting.Internal.Host|Hosting starting 
2025-04-23 12:53:05.2326|INFO|Microsoft.Hosting.Lifetime|Now listening on: http://localhost:5263 
2025-04-23 12:53:05.2326|DEBUG|Microsoft.AspNetCore.Hosting.Diagnostics|Loaded hosting startup assembly FlightAirline 
2025-04-23 12:53:05.2326|DEBUG|Microsoft.AspNetCore.Hosting.Diagnostics|Loaded hosting startup assembly Microsoft.WebTools.ApiEndpointDiscovery 
2025-04-23 12:53:05.2326|DEBUG|Microsoft.AspNetCore.Hosting.Diagnostics|Loaded hosting startup assembly Microsoft.AspNetCore.Watch.BrowserRefresh 
2025-04-23 12:53:05.2326|DEBUG|Microsoft.AspNetCore.Hosting.Diagnostics|Loaded hosting startup assembly Microsoft.WebTools.BrowserLink.Net 
2025-04-23 12:53:05.3612|INFO|Microsoft.Hosting.Lifetime|Application started. Press Ctrl+C to shut down. 
2025-04-23 12:53:05.3612|INFO|Microsoft.Hosting.Lifetime|Hosting environment: Development 
2025-04-23 12:53:05.3612|INFO|Microsoft.Hosting.Lifetime|Content root path: C:\Users\Иван\source\repos\FlightAirline 
2025-04-23 12:53:05.3612|DEBUG|Microsoft.Extensions.Hosting.Internal.Host|Hosting started 
2025-04-23 12:53:05.6248|DEBUG|Microsoft.AspNetCore.Server.Kestrel.Connections|Connection id "0HNC29III97VD" accepted. 
2025-04-23 12:53:05.6248|DEBUG|Microsoft.AspNetCore.Server.Kestrel.Connections|Connection id "0HNC29III97VD" started. 
2025-04-23 12:53:05.6248|DEBUG|Microsoft.AspNetCore.Server.Kestrel.Connections|Connection id "0HNC29III97VE" accepted. 
2025-04-23 12:53:05.6248|DEBUG|Microsoft.AspNetCore.Server.Kestrel.Connections|Connection id "0HNC29III97VE" started. 
2025-04-23 12:53:05.6483|DEBUG|Microsoft.AspNetCore.Server.Kestrel.Transport.Sockets|Connection id "0HNC29III97VD" received FIN. 
2025-04-23 12:53:05.6483|DEBUG|Microsoft.AspNetCore.Server.Kestrel.Transport.Sockets|Connection id "0HNC29III97VE" received FIN. 
2025-04-23 12:53:05.6793|DEBUG|Microsoft.AspNetCore.Server.Kestrel.Transport.Sockets|Connection id "0HNC29III97VD" sending FIN because: "The Socket transport's send loop completed gracefully." 
2025-04-23 12:53:05.6793|DEBUG|Microsoft.AspNetCore.Server.Kestrel.Transport.Sockets|Connection id "0HNC29III97VE" sending FIN because: "The Socket transport's send loop completed gracefully." 
2025-04-23 12:53:05.6924|DEBUG|Microsoft.AspNetCore.Server.Kestrel.Connections|Connection id "0HNC29III97VE" disconnecting. 
2025-04-23 12:53:05.6924|DEBUG|Microsoft.AspNetCore.Server.Kestrel.Connections|Connection id "0HNC29III97VD" disconnecting. 
2025-04-23 12:53:05.6924|DEBUG|Microsoft.AspNetCore.Server.Kestrel.Connections|Connection id "0HNC29III97VE" stopped. 
2025-04-23 12:53:05.6924|DEBUG|Microsoft.AspNetCore.Server.Kestrel.Connections|Connection id "0HNC29III97VD" stopped. 
2025-04-23 12:53:05.8835|DEBUG|Microsoft.AspNetCore.Server.Kestrel.Connections|Connection id "0HNC29III97VF" accepted. 
2025-04-23 12:53:05.8835|DEBUG|Microsoft.AspNetCore.Server.Kestrel.Connections|Connection id "0HNC29III97VF" started. 
2025-04-23 12:53:05.8835|DEBUG|Microsoft.AspNetCore.Server.Kestrel.Connections|Connection id "0HNC29III97VG" accepted. 
2025-04-23 12:53:05.8835|DEBUG|Microsoft.AspNetCore.Server.Kestrel.Connections|Connection id "0HNC29III97VG" started. 
2025-04-23 12:53:05.9611|INFO|Microsoft.AspNetCore.Hosting.Diagnostics|Request starting HTTP/1.1 GET http://localhost:5263/_framework/aspnetcore-browser-refresh.js - - - 
2025-04-23 12:53:05.9793|DEBUG|Microsoft.AspNetCore.Server.Kestrel.Connections|Connection id "0HNC29III97VF" completed keep alive response. 
2025-04-23 12:53:05.9793|INFO|Microsoft.AspNetCore.Hosting.Diagnostics|Request finished HTTP/1.1 GET http://localhost:5263/_framework/aspnetcore-browser-refresh.js - 200 13762 application/javascript;+charset=utf-8 33.0954ms 
2025-04-23 12:53:07.2529|INFO|Microsoft.AspNetCore.Hosting.Diagnostics|Request starting HTTP/1.1 GET http://localhost:5263/swagger/v1/swagger.json - - - 
2025-04-23 12:53:07.2732|DEBUG|Microsoft.AspNetCore.HostFiltering.HostFilteringMiddleware|Wildcard detected, all requests with hosts will be allowed. 
2025-04-23 12:53:07.3075|DEBUG|Microsoft.AspNetCore.Server.Kestrel.Connections|Connection id "0HNC29III97VF" completed keep alive response. 
2025-04-23 12:53:07.3075|INFO|Microsoft.AspNetCore.Hosting.Diagnostics|Request finished HTTP/1.1 GET http://localhost:5263/swagger/v1/swagger.json - 200 - application/json;charset=utf-8 56.8585ms 
