2025-04-22 00:38:06.0938|DEBUG|Microsoft.AspNetCore.Mvc.ModelBinding.ModelBinderFactory|Registered model binder providers, in the following order: Microsoft.AspNetCore.Mvc.ModelBinding.Binders.BinderTypeModelBinderProvider, Microsoft.AspNetCore.Mvc.ModelBinding.Binders.ServicesModelBinderProvider, Microsoft.AspNetCore.Mvc.ModelBinding.Binders.BodyModelBinderProvider, Microsoft.AspNetCore.Mvc.ModelBinding.Binders.HeaderModelBinderProvider, Microsoft.AspNetCore.Mvc.ModelBinding.Binders.FloatingPointTypeModelBinderProvider, Microsoft.AspNetCore.Mvc.ModelBinding.Binders.EnumTypeModelBinderProvider, Microsoft.AspNetCore.Mvc.ModelBinding.Binders.DateTimeModelBinderProvider, Microsoft.AspNetCore.Mvc.ModelBinding.Binders.SimpleTypeModelBinderProvider, Microsoft.AspNetCore.Mvc.ModelBinding.Binders.TryParseModelBinderProvider, Microsoft.AspNetCore.Mvc.ModelBinding.Binders.CancellationTokenModelBinderProvider, Microsoft.AspNetCore.Mvc.ModelBinding.Binders.ByteArrayModelBinderProvider, Microsoft.AspNetCore.Mvc.ModelBinding.Binders.FormFileModelBinderProvider, Microsoft.AspNetCore.Mvc.ModelBinding.Binders.FormCollectionModelBinderProvider, Microsoft.AspNetCore.Mvc.ModelBinding.Binders.KeyValuePairModelBinderProvider, Microsoft.AspNetCore.Mvc.ModelBinding.Binders.DictionaryModelBinderProvider, Microsoft.AspNetCore.Mvc.ModelBinding.Binders.ArrayModelBinderProvider, Microsoft.AspNetCore.Mvc.ModelBinding.Binders.CollectionModelBinderProvider, Microsoft.AspNetCore.Mvc.ModelBinding.Binders.ComplexObjectModelBinderProvider 
2025-04-22 00:38:06.3421|DEBUG|Microsoft.EntityFrameworkCore.Infrastructure|An 'IServiceProvider' was created for internal use by Entity Framework. 
2025-04-22 00:38:06.8422|DEBUG|Microsoft.EntityFrameworkCore.Model|No relationship from 'Airport' to 'Flight' has been configured by convention because there are multiple properties on one entity type - {'Arrivals', 'Departures'} that could be matched with the properties on the other entity type - {'ArrivalAirport', 'DepartureAirport'}. This message can be disregarded if explicit configuration has been specified in 'OnModelCreating'. 
2025-04-22 00:38:06.8597|DEBUG|Microsoft.EntityFrameworkCore.Model|No relationship from 'Flight' to 'Airport' has been configured by convention because there are multiple properties on one entity type - {'ArrivalAirport', 'DepartureAirport'} that could be matched with the properties on the other entity type - {'Arrivals', 'Departures'}. This message can be disregarded if explicit configuration has been specified in 'OnModelCreating'. 
2025-04-22 00:38:06.9877|DEBUG|Microsoft.EntityFrameworkCore.Model|No relationship from 'Flight' to 'Airport' has been configured by convention because there are multiple properties on one entity type - {'ArrivalAirport', 'DepartureAirport'} that could be matched with the properties on the other entity type - {'Arrivals', 'Departures'}. This message can be disregarded if explicit configuration has been specified in 'OnModelCreating'. 
2025-04-22 00:38:06.9899|DEBUG|Microsoft.EntityFrameworkCore.Model|No relationship from 'Airport' to 'Flight' has been configured by convention because there are multiple properties on one entity type - {'Arrivals', 'Departures'} that could be matched with the properties on the other entity type - {'ArrivalAirport', 'DepartureAirport'}. This message can be disregarded if explicit configuration has been specified in 'OnModelCreating'. 
2025-04-22 00:38:07.2046|DEBUG|Microsoft.EntityFrameworkCore.Infrastructure|Entity Framework Core 9.0.3 initialized 'AirportScheduleContext' using provider 'Microsoft.EntityFrameworkCore.Sqlite:9.0.3' with options: None 
2025-04-22 00:38:07.3272|DEBUG|Microsoft.EntityFrameworkCore.Database.Connection|Creating DbConnection. 
2025-04-22 00:38:07.3423|DEBUG|Microsoft.EntityFrameworkCore.Database.Connection|Created DbConnection. (11ms). 
2025-04-22 00:38:07.3423|DEBUG|Microsoft.EntityFrameworkCore.Migrations|Migrating using database 'main' on server 'flightairline.db'. 
2025-04-22 00:38:07.3506|DEBUG|Microsoft.EntityFrameworkCore.Database.Connection|Creating DbConnection. 
2025-04-22 00:38:07.3506|DEBUG|Microsoft.EntityFrameworkCore.Database.Connection|Created DbConnection. (1ms). 
2025-04-22 00:38:07.3506|DEBUG|Microsoft.EntityFrameworkCore.Database.Connection|Opening connection to database 'main' on server 'flightairline.db'. 
2025-04-22 00:38:07.3735|DEBUG|Microsoft.EntityFrameworkCore.Database.Connection|Opened connection to database 'main' on server 'C:\Users\Иван\source\repos\FlightAirline\flightairline.db'. 
2025-04-22 00:38:07.3735|DEBUG|Microsoft.EntityFrameworkCore.Database.Connection|Disposing connection to database 'main' on server 'flightairline.db'. 
2025-04-22 00:38:07.3821|DEBUG|Microsoft.EntityFrameworkCore.Database.Connection|Disposed connection to database 'main' on server 'flightairline.db' (0ms). 
2025-04-22 00:38:07.3821|DEBUG|Microsoft.EntityFrameworkCore.Database.Connection|Opening connection to database 'main' on server 'flightairline.db'. 
2025-04-22 00:38:07.3821|DEBUG|Microsoft.EntityFrameworkCore.Database.Connection|Opened connection to database 'main' on server 'C:\Users\Иван\source\repos\FlightAirline\flightairline.db'. 
2025-04-22 00:38:07.3821|INFO|Microsoft.EntityFrameworkCore.Migrations|Acquiring an exclusive lock for migration application. See https://aka.ms/efcore-docs-migrations-lock for more information if this takes too long. 
2025-04-22 00:38:07.3821|DEBUG|Microsoft.EntityFrameworkCore.Database.Command|Creating DbCommand for 'ExecuteScalar'. 
2025-04-22 00:38:07.3951|DEBUG|Microsoft.EntityFrameworkCore.Database.Command|Created DbCommand for 'ExecuteScalar' (2ms). 
2025-04-22 00:38:07.3951|DEBUG|Microsoft.EntityFrameworkCore.Database.Command|Initialized DbCommand for 'ExecuteScalar' (6ms). 
2025-04-22 00:38:07.3951|DEBUG|Microsoft.EntityFrameworkCore.Database.Command|Executing DbCommand [Parameters=[], CommandType='Text', CommandTimeout='30']
SELECT COUNT(*) FROM "sqlite_master" WHERE "name" = '__EFMigrationsLock' AND "type" = 'table'; 
2025-04-22 00:38:07.4400|INFO|Microsoft.EntityFrameworkCore.Database.Command|Executed DbCommand (37ms) [Parameters=[], CommandType='Text', CommandTimeout='30']
SELECT COUNT(*) FROM "sqlite_master" WHERE "name" = '__EFMigrationsLock' AND "type" = 'table'; 
2025-04-22 00:38:07.4454|DEBUG|Microsoft.EntityFrameworkCore.Database.Command|Creating DbCommand for 'ExecuteScalar'. 
2025-04-22 00:38:07.4454|DEBUG|Microsoft.EntityFrameworkCore.Database.Command|Created DbCommand for 'ExecuteScalar' (0ms). 
2025-04-22 00:38:07.4454|DEBUG|Microsoft.EntityFrameworkCore.Database.Command|Initialized DbCommand for 'ExecuteScalar' (0ms). 
2025-04-22 00:38:07.4454|DEBUG|Microsoft.EntityFrameworkCore.Database.Command|Executing DbCommand [Parameters=[], CommandType='Text', CommandTimeout='30']
INSERT OR IGNORE INTO "__EFMigrationsLock"("Id", "Timestamp") VALUES(1, '2025-04-21 21:38:07.4425313+00:00');
SELECT changes(); 
2025-04-22 00:38:07.4454|INFO|Microsoft.EntityFrameworkCore.Database.Command|Executed DbCommand (4ms) [Parameters=[], CommandType='Text', CommandTimeout='30']
INSERT OR IGNORE INTO "__EFMigrationsLock"("Id", "Timestamp") VALUES(1, '2025-04-21 21:38:07.4425313+00:00');
SELECT changes(); 
2025-04-22 00:38:07.5035|DEBUG|Microsoft.EntityFrameworkCore.Database.Transaction|Beginning transaction with isolation level 'Unspecified'. 
2025-04-22 00:38:07.5035|DEBUG|Microsoft.EntityFrameworkCore.Database.Transaction|Began transaction with isolation level 'Serializable'. 
2025-04-22 00:38:07.5035|DEBUG|Microsoft.EntityFrameworkCore.Database.Command|Creating DbCommand for 'ExecuteNonQuery'. 
2025-04-22 00:38:07.5035|DEBUG|Microsoft.EntityFrameworkCore.Database.Command|Created DbCommand for 'ExecuteNonQuery' (0ms). 
2025-04-22 00:38:07.5035|DEBUG|Microsoft.EntityFrameworkCore.Database.Command|Initialized DbCommand for 'ExecuteNonQuery' (0ms). 
2025-04-22 00:38:07.5035|DEBUG|Microsoft.EntityFrameworkCore.Database.Command|Executing DbCommand [Parameters=[], CommandType='Text', CommandTimeout='30']
CREATE TABLE IF NOT EXISTS "__EFMigrationsHistory" (
    "MigrationId" TEXT NOT NULL CONSTRAINT "PK___EFMigrationsHistory" PRIMARY KEY,
    "ProductVersion" TEXT NOT NULL
); 
2025-04-22 00:38:07.5035|INFO|Microsoft.EntityFrameworkCore.Database.Command|Executed DbCommand (1ms) [Parameters=[], CommandType='Text', CommandTimeout='30']
CREATE TABLE IF NOT EXISTS "__EFMigrationsHistory" (
    "MigrationId" TEXT NOT NULL CONSTRAINT "PK___EFMigrationsHistory" PRIMARY KEY,
    "ProductVersion" TEXT NOT NULL
); 
2025-04-22 00:38:07.5035|DEBUG|Microsoft.EntityFrameworkCore.Database.Transaction|Committing transaction. 
2025-04-22 00:38:07.5035|DEBUG|Microsoft.EntityFrameworkCore.Database.Transaction|Committed transaction. 
2025-04-22 00:38:07.5035|DEBUG|Microsoft.EntityFrameworkCore.Database.Transaction|Disposing transaction. 
2025-04-22 00:38:07.5035|DEBUG|Microsoft.EntityFrameworkCore.Database.Transaction|Beginning transaction with isolation level 'Unspecified'. 
2025-04-22 00:38:07.5035|DEBUG|Microsoft.EntityFrameworkCore.Database.Transaction|Began transaction with isolation level 'Serializable'. 
2025-04-22 00:38:07.5035|DEBUG|Microsoft.EntityFrameworkCore.Database.Connection|Creating DbConnection. 
2025-04-22 00:38:07.5035|DEBUG|Microsoft.EntityFrameworkCore.Database.Connection|Created DbConnection. (0ms). 
2025-04-22 00:38:07.5035|DEBUG|Microsoft.EntityFrameworkCore.Database.Connection|Opening connection to database 'main' on server 'flightairline.db'. 
2025-04-22 00:38:07.5035|DEBUG|Microsoft.EntityFrameworkCore.Database.Connection|Opened connection to database 'main' on server 'C:\Users\Иван\source\repos\FlightAirline\flightairline.db'. 
2025-04-22 00:38:07.5035|DEBUG|Microsoft.EntityFrameworkCore.Database.Connection|Disposing connection to database 'main' on server 'flightairline.db'. 
2025-04-22 00:38:07.5035|DEBUG|Microsoft.EntityFrameworkCore.Database.Connection|Disposed connection to database 'main' on server 'flightairline.db' (0ms). 
2025-04-22 00:38:07.5035|DEBUG|Microsoft.EntityFrameworkCore.Database.Command|Creating DbCommand for 'ExecuteScalar'. 
2025-04-22 00:38:07.5035|DEBUG|Microsoft.EntityFrameworkCore.Database.Command|Created DbCommand for 'ExecuteScalar' (0ms). 
2025-04-22 00:38:07.5035|DEBUG|Microsoft.EntityFrameworkCore.Database.Command|Initialized DbCommand for 'ExecuteScalar' (0ms). 
2025-04-22 00:38:07.5035|DEBUG|Microsoft.EntityFrameworkCore.Database.Command|Executing DbCommand [Parameters=[], CommandType='Text', CommandTimeout='30']
SELECT COUNT(*) FROM "sqlite_master" WHERE "name" = '__EFMigrationsHistory' AND "type" = 'table'; 
2025-04-22 00:38:07.5035|INFO|Microsoft.EntityFrameworkCore.Database.Command|Executed DbCommand (0ms) [Parameters=[], CommandType='Text', CommandTimeout='30']
SELECT COUNT(*) FROM "sqlite_master" WHERE "name" = '__EFMigrationsHistory' AND "type" = 'table'; 
2025-04-22 00:38:07.5215|DEBUG|Microsoft.EntityFrameworkCore.Database.Command|Creating DbCommand for 'ExecuteReader'. 
2025-04-22 00:38:07.5215|DEBUG|Microsoft.EntityFrameworkCore.Database.Command|Created DbCommand for 'ExecuteReader' (0ms). 
2025-04-22 00:38:07.5215|DEBUG|Microsoft.EntityFrameworkCore.Database.Command|Initialized DbCommand for 'ExecuteReader' (0ms). 
2025-04-22 00:38:07.5215|DEBUG|Microsoft.EntityFrameworkCore.Database.Command|Executing DbCommand [Parameters=[], CommandType='Text', CommandTimeout='30']
SELECT "MigrationId", "ProductVersion"
FROM "__EFMigrationsHistory"
ORDER BY "MigrationId"; 
2025-04-22 00:38:07.5215|INFO|Microsoft.EntityFrameworkCore.Database.Command|Executed DbCommand (1ms) [Parameters=[], CommandType='Text', CommandTimeout='30']
SELECT "MigrationId", "ProductVersion"
FROM "__EFMigrationsHistory"
ORDER BY "MigrationId"; 
2025-04-22 00:38:07.5215|DEBUG|Microsoft.EntityFrameworkCore.Database.Command|Closing data reader to 'main' on server 'C:\Users\Иван\source\repos\FlightAirline\flightairline.db'. 
2025-04-22 00:38:07.5215|DEBUG|Microsoft.EntityFrameworkCore.Database.Command|A data reader for 'main' on server 'C:\Users\Иван\source\repos\FlightAirline\flightairline.db' is being disposed after spending 2ms reading results. 
2025-04-22 00:38:07.5215|INFO|Microsoft.EntityFrameworkCore.Migrations|No migrations were applied. The database is already up to date. 
2025-04-22 00:38:07.5215|DEBUG|Microsoft.EntityFrameworkCore.Database.Transaction|Committing transaction. 
2025-04-22 00:38:07.5215|DEBUG|Microsoft.EntityFrameworkCore.Database.Transaction|Committed transaction. 
2025-04-22 00:38:07.5215|DEBUG|Microsoft.EntityFrameworkCore.Database.Command|Creating DbCommand for 'ExecuteScalar'. 
2025-04-22 00:38:07.5215|DEBUG|Microsoft.EntityFrameworkCore.Database.Command|Created DbCommand for 'ExecuteScalar' (0ms). 
2025-04-22 00:38:07.5215|DEBUG|Microsoft.EntityFrameworkCore.Database.Command|Initialized DbCommand for 'ExecuteScalar' (0ms). 
2025-04-22 00:38:07.5215|DEBUG|Microsoft.EntityFrameworkCore.Database.Command|Executing DbCommand [Parameters=[], CommandType='Text', CommandTimeout='30']
DELETE FROM "__EFMigrationsLock"; 
2025-04-22 00:38:07.5215|INFO|Microsoft.EntityFrameworkCore.Database.Command|Executed DbCommand (2ms) [Parameters=[], CommandType='Text', CommandTimeout='30']
DELETE FROM "__EFMigrationsLock"; 
2025-04-22 00:38:07.5215|DEBUG|Microsoft.EntityFrameworkCore.Database.Transaction|Disposing transaction. 
2025-04-22 00:38:07.5356|DEBUG|Microsoft.EntityFrameworkCore.Database.Connection|Closing connection to database 'main' on server 'C:\Users\Иван\source\repos\FlightAirline\flightairline.db'. 
2025-04-22 00:38:07.5356|DEBUG|Microsoft.EntityFrameworkCore.Database.Connection|Closed connection to database 'main' on server 'flightairline.db' (3ms). 
2025-04-22 00:38:07.5356|DEBUG|Microsoft.EntityFrameworkCore.Infrastructure|'AirportScheduleContext' disposed. 
2025-04-22 00:38:07.5356|DEBUG|Microsoft.EntityFrameworkCore.Database.Connection|Disposing connection to database 'main' on server 'flightairline.db'. 
2025-04-22 00:38:07.5356|DEBUG|Microsoft.EntityFrameworkCore.Database.Connection|Disposed connection to database 'main' on server 'flightairline.db' (0ms). 
2025-04-22 00:38:07.5356|DEBUG|Microsoft.Extensions.Hosting.Internal.Host|Hosting starting 
2025-04-22 00:38:07.7626|DEBUG|Microsoft.AspNetCore.Server.Kestrel.Connections|Connection id "0HNC13J75M4DH" accepted. 
2025-04-22 00:38:07.7626|DEBUG|Microsoft.AspNetCore.Server.Kestrel.Connections|Connection id "0HNC13J75M4DI" accepted. 
2025-04-22 00:38:07.7626|DEBUG|Microsoft.AspNetCore.Server.Kestrel.Connections|Connection id "0HNC13J75M4DI" started. 
2025-04-22 00:38:07.7626|DEBUG|Microsoft.AspNetCore.Server.Kestrel.Connections|Connection id "0HNC13J75M4DH" started. 
2025-04-22 00:38:07.7626|INFO|Microsoft.Hosting.Lifetime|Now listening on: http://localhost:5263 
2025-04-22 00:38:07.7626|DEBUG|Microsoft.AspNetCore.Hosting.Diagnostics|Loaded hosting startup assembly FlightAirline 
2025-04-22 00:38:07.7626|DEBUG|Microsoft.AspNetCore.Hosting.Diagnostics|Loaded hosting startup assembly Microsoft.WebTools.ApiEndpointDiscovery 
2025-04-22 00:38:07.7626|DEBUG|Microsoft.AspNetCore.Hosting.Diagnostics|Loaded hosting startup assembly Microsoft.AspNetCore.Watch.BrowserRefresh 
2025-04-22 00:38:07.7626|DEBUG|Microsoft.AspNetCore.Hosting.Diagnostics|Loaded hosting startup assembly Microsoft.WebTools.BrowserLink.Net 
2025-04-22 00:38:07.7812|DEBUG|Microsoft.AspNetCore.Server.Kestrel.Transport.Sockets|Connection id "0HNC13J75M4DH" received FIN. 
2025-04-22 00:38:07.7812|DEBUG|Microsoft.AspNetCore.Server.Kestrel.Transport.Sockets|Connection id "0HNC13J75M4DI" received FIN. 
2025-04-22 00:38:07.7812|DEBUG|Microsoft.AspNetCore.Server.Kestrel.Transport.Sockets|Connection id "0HNC13J75M4DH" sending FIN because: "The Socket transport's send loop completed gracefully." 
2025-04-22 00:38:07.7876|DEBUG|Microsoft.AspNetCore.Server.Kestrel.Transport.Sockets|Connection id "0HNC13J75M4DI" sending FIN because: "The Socket transport's send loop completed gracefully." 
2025-04-22 00:38:07.7876|DEBUG|Microsoft.AspNetCore.Server.Kestrel.Connections|Connection id "0HNC13J75M4DI" disconnecting. 
2025-04-22 00:38:07.7876|DEBUG|Microsoft.AspNetCore.Server.Kestrel.Connections|Connection id "0HNC13J75M4DH" disconnecting. 
2025-04-22 00:38:07.7876|DEBUG|Microsoft.AspNetCore.Server.Kestrel.Connections|Connection id "0HNC13J75M4DH" stopped. 
2025-04-22 00:38:07.7876|DEBUG|Microsoft.AspNetCore.Server.Kestrel.Connections|Connection id "0HNC13J75M4DI" stopped. 
2025-04-22 00:38:07.8883|INFO|Microsoft.Hosting.Lifetime|Application started. Press Ctrl+C to shut down. 
2025-04-22 00:38:07.8883|INFO|Microsoft.Hosting.Lifetime|Hosting environment: Development 
2025-04-22 00:38:07.8883|INFO|Microsoft.Hosting.Lifetime|Content root path: C:\Users\Иван\source\repos\FlightAirline 
2025-04-22 00:38:07.8883|DEBUG|Microsoft.Extensions.Hosting.Internal.Host|Hosting started 
2025-04-22 00:38:08.3790|DEBUG|Microsoft.AspNetCore.Server.Kestrel.Connections|Connection id "0HNC13J75M4DJ" accepted. 
2025-04-22 00:38:08.3790|DEBUG|Microsoft.AspNetCore.Server.Kestrel.Connections|Connection id "0HNC13J75M4DJ" started. 
2025-04-22 00:38:08.3790|DEBUG|Microsoft.AspNetCore.Server.Kestrel.Connections|Connection id "0HNC13J75M4DK" accepted. 
2025-04-22 00:38:08.3790|DEBUG|Microsoft.AspNetCore.Server.Kestrel.Connections|Connection id "0HNC13J75M4DK" started. 
2025-04-22 00:38:08.4664|INFO|Microsoft.AspNetCore.Hosting.Diagnostics|Request starting HTTP/1.1 GET http://localhost:5263/_framework/aspnetcore-browser-refresh.js - - - 
2025-04-22 00:38:08.4853|DEBUG|Microsoft.AspNetCore.Server.Kestrel.Connections|Connection id "0HNC13J75M4DJ" completed keep alive response. 
2025-04-22 00:38:08.4853|INFO|Microsoft.AspNetCore.Hosting.Diagnostics|Request finished HTTP/1.1 GET http://localhost:5263/_framework/aspnetcore-browser-refresh.js - 200 13762 application/javascript;+charset=utf-8 35.2811ms 
2025-04-22 00:38:09.7850|INFO|Microsoft.AspNetCore.Hosting.Diagnostics|Request starting HTTP/1.1 GET http://localhost:5263/swagger/v1/swagger.json - - - 
2025-04-22 00:38:09.8024|DEBUG|Microsoft.AspNetCore.HostFiltering.HostFilteringMiddleware|Wildcard detected, all requests with hosts will be allowed. 
2025-04-22 00:38:09.8326|DEBUG|Microsoft.AspNetCore.Server.Kestrel.Connections|Connection id "0HNC13J75M4DJ" completed keep alive response. 
2025-04-22 00:38:09.8352|INFO|Microsoft.AspNetCore.Hosting.Diagnostics|Request finished HTTP/1.1 GET http://localhost:5263/swagger/v1/swagger.json - 200 - application/json;charset=utf-8 50.1657ms 
2025-04-22 01:55:50.2109|DEBUG|Microsoft.AspNetCore.Server.Kestrel.Transport.Sockets|Connection id "0HNC13J75M4DJ" received FIN. 
2025-04-22 01:55:50.2109|DEBUG|Microsoft.AspNetCore.Server.Kestrel.Transport.Sockets|Connection id "0HNC13J75M4DK" received FIN. 
2025-04-22 01:55:50.2724|DEBUG|Microsoft.AspNetCore.Server.Kestrel.Transport.Sockets|Connection id "0HNC13J75M4DK" sending FIN because: "The Socket transport's send loop completed gracefully." 
2025-04-22 01:55:50.6199|DEBUG|Microsoft.AspNetCore.Server.Kestrel.Connections|Connection id "0HNC13J75M4DJ" disconnecting. 
2025-04-22 01:55:50.6500|DEBUG|Microsoft.AspNetCore.Server.Kestrel.Connections|Connection id "0HNC13J75M4DK" disconnecting. 
2025-04-22 01:55:50.6706|DEBUG|Microsoft.AspNetCore.Server.Kestrel.Connections|Connection id "0HNC13J75M4DJ" stopped. 
2025-04-22 01:55:50.6706|DEBUG|Microsoft.AspNetCore.Server.Kestrel.Connections|Connection id "0HNC13J75M4DK" stopped. 
2025-04-22 01:55:50.8203|DEBUG|Microsoft.AspNetCore.Server.Kestrel.Transport.Sockets|Connection id "0HNC13J75M4DJ" sending FIN because: "The Socket transport's send loop completed gracefully." 
2025-04-22 11:54:03.3891|DEBUG|Microsoft.AspNetCore.Mvc.ModelBinding.ModelBinderFactory|Registered model binder providers, in the following order: Microsoft.AspNetCore.Mvc.ModelBinding.Binders.BinderTypeModelBinderProvider, Microsoft.AspNetCore.Mvc.ModelBinding.Binders.ServicesModelBinderProvider, Microsoft.AspNetCore.Mvc.ModelBinding.Binders.BodyModelBinderProvider, Microsoft.AspNetCore.Mvc.ModelBinding.Binders.HeaderModelBinderProvider, Microsoft.AspNetCore.Mvc.ModelBinding.Binders.FloatingPointTypeModelBinderProvider, Microsoft.AspNetCore.Mvc.ModelBinding.Binders.EnumTypeModelBinderProvider, Microsoft.AspNetCore.Mvc.ModelBinding.Binders.DateTimeModelBinderProvider, Microsoft.AspNetCore.Mvc.ModelBinding.Binders.SimpleTypeModelBinderProvider, Microsoft.AspNetCore.Mvc.ModelBinding.Binders.TryParseModelBinderProvider, Microsoft.AspNetCore.Mvc.ModelBinding.Binders.CancellationTokenModelBinderProvider, Microsoft.AspNetCore.Mvc.ModelBinding.Binders.ByteArrayModelBinderProvider, Microsoft.AspNetCore.Mvc.ModelBinding.Binders.FormFileModelBinderProvider, Microsoft.AspNetCore.Mvc.ModelBinding.Binders.FormCollectionModelBinderProvider, Microsoft.AspNetCore.Mvc.ModelBinding.Binders.KeyValuePairModelBinderProvider, Microsoft.AspNetCore.Mvc.ModelBinding.Binders.DictionaryModelBinderProvider, Microsoft.AspNetCore.Mvc.ModelBinding.Binders.ArrayModelBinderProvider, Microsoft.AspNetCore.Mvc.ModelBinding.Binders.CollectionModelBinderProvider, Microsoft.AspNetCore.Mvc.ModelBinding.Binders.ComplexObjectModelBinderProvider 
2025-04-22 11:54:03.6004|DEBUG|Microsoft.EntityFrameworkCore.Infrastructure|An 'IServiceProvider' was created for internal use by Entity Framework. 
2025-04-22 11:54:03.8431|DEBUG|Microsoft.EntityFrameworkCore.Model|No relationship from 'Airport' to 'Flight' has been configured by convention because there are multiple properties on one entity type - {'Arrivals', 'Departures'} that could be matched with the properties on the other entity type - {'ArrivalAirport', 'DepartureAirport'}. This message can be disregarded if explicit configuration has been specified in 'OnModelCreating'. 
2025-04-22 11:54:03.8569|DEBUG|Microsoft.EntityFrameworkCore.Model|No relationship from 'Flight' to 'Airport' has been configured by convention because there are multiple properties on one entity type - {'ArrivalAirport', 'DepartureAirport'} that could be matched with the properties on the other entity type - {'Arrivals', 'Departures'}. This message can be disregarded if explicit configuration has been specified in 'OnModelCreating'. 
2025-04-22 11:54:03.9738|DEBUG|Microsoft.EntityFrameworkCore.Model|No relationship from 'Flight' to 'Airport' has been configured by convention because there are multiple properties on one entity type - {'ArrivalAirport', 'DepartureAirport'} that could be matched with the properties on the other entity type - {'Arrivals', 'Departures'}. This message can be disregarded if explicit configuration has been specified in 'OnModelCreating'. 
2025-04-22 11:54:03.9738|DEBUG|Microsoft.EntityFrameworkCore.Model|No relationship from 'Airport' to 'Flight' has been configured by convention because there are multiple properties on one entity type - {'Arrivals', 'Departures'} that could be matched with the properties on the other entity type - {'ArrivalAirport', 'DepartureAirport'}. This message can be disregarded if explicit configuration has been specified in 'OnModelCreating'. 
2025-04-22 11:54:04.1455|DEBUG|Microsoft.EntityFrameworkCore.Infrastructure|Entity Framework Core 9.0.3 initialized 'AirportScheduleContext' using provider 'Microsoft.EntityFrameworkCore.Sqlite:9.0.3' with options: None 
2025-04-22 11:54:04.2431|DEBUG|Microsoft.EntityFrameworkCore.Database.Connection|Creating DbConnection. 
2025-04-22 11:54:04.2568|DEBUG|Microsoft.EntityFrameworkCore.Database.Connection|Created DbConnection. (10ms). 
2025-04-22 11:54:04.2568|DEBUG|Microsoft.EntityFrameworkCore.Migrations|Migrating using database 'main' on server 'flightairline.db'. 
2025-04-22 11:54:04.2568|DEBUG|Microsoft.EntityFrameworkCore.Database.Connection|Creating DbConnection. 
2025-04-22 11:54:04.2568|DEBUG|Microsoft.EntityFrameworkCore.Database.Connection|Created DbConnection. (0ms). 
2025-04-22 11:54:04.2568|DEBUG|Microsoft.EntityFrameworkCore.Database.Connection|Opening connection to database 'main' on server 'flightairline.db'. 
2025-04-22 11:54:04.2826|DEBUG|Microsoft.EntityFrameworkCore.Database.Connection|Opened connection to database 'main' on server 'C:\Users\Иван\source\repos\FlightAirline\flightairline.db'. 
2025-04-22 11:54:04.2826|DEBUG|Microsoft.EntityFrameworkCore.Database.Connection|Disposing connection to database 'main' on server 'flightairline.db'. 
2025-04-22 11:54:04.2918|DEBUG|Microsoft.EntityFrameworkCore.Database.Connection|Disposed connection to database 'main' on server 'flightairline.db' (1ms). 
2025-04-22 11:54:04.2918|DEBUG|Microsoft.EntityFrameworkCore.Database.Connection|Opening connection to database 'main' on server 'flightairline.db'. 
2025-04-22 11:54:04.2918|DEBUG|Microsoft.EntityFrameworkCore.Database.Connection|Opened connection to database 'main' on server 'C:\Users\Иван\source\repos\FlightAirline\flightairline.db'. 
2025-04-22 11:54:04.2918|INFO|Microsoft.EntityFrameworkCore.Migrations|Acquiring an exclusive lock for migration application. See https://aka.ms/efcore-docs-migrations-lock for more information if this takes too long. 
2025-04-22 11:54:04.2918|DEBUG|Microsoft.EntityFrameworkCore.Database.Command|Creating DbCommand for 'ExecuteScalar'. 
2025-04-22 11:54:04.3045|DEBUG|Microsoft.EntityFrameworkCore.Database.Command|Created DbCommand for 'ExecuteScalar' (2ms). 
2025-04-22 11:54:04.3045|DEBUG|Microsoft.EntityFrameworkCore.Database.Command|Initialized DbCommand for 'ExecuteScalar' (6ms). 
2025-04-22 11:54:04.3045|DEBUG|Microsoft.EntityFrameworkCore.Database.Command|Executing DbCommand [Parameters=[], CommandType='Text', CommandTimeout='30']
SELECT COUNT(*) FROM "sqlite_master" WHERE "name" = '__EFMigrationsLock' AND "type" = 'table'; 
2025-04-22 11:54:04.3284|INFO|Microsoft.EntityFrameworkCore.Database.Command|Executed DbCommand (16ms) [Parameters=[], CommandType='Text', CommandTimeout='30']
SELECT COUNT(*) FROM "sqlite_master" WHERE "name" = '__EFMigrationsLock' AND "type" = 'table'; 
2025-04-22 11:54:04.3284|DEBUG|Microsoft.EntityFrameworkCore.Database.Command|Creating DbCommand for 'ExecuteScalar'. 
2025-04-22 11:54:04.3284|DEBUG|Microsoft.EntityFrameworkCore.Database.Command|Created DbCommand for 'ExecuteScalar' (0ms). 
2025-04-22 11:54:04.3284|DEBUG|Microsoft.EntityFrameworkCore.Database.Command|Initialized DbCommand for 'ExecuteScalar' (0ms). 
2025-04-22 11:54:04.3284|DEBUG|Microsoft.EntityFrameworkCore.Database.Command|Executing DbCommand [Parameters=[], CommandType='Text', CommandTimeout='30']
INSERT OR IGNORE INTO "__EFMigrationsLock"("Id", "Timestamp") VALUES(1, '2025-04-22 08:54:04.3299498+00:00');
SELECT changes(); 
2025-04-22 11:54:04.3396|INFO|Microsoft.EntityFrameworkCore.Database.Command|Executed DbCommand (6ms) [Parameters=[], CommandType='Text', CommandTimeout='30']
INSERT OR IGNORE INTO "__EFMigrationsLock"("Id", "Timestamp") VALUES(1, '2025-04-22 08:54:04.3299498+00:00');
SELECT changes(); 
2025-04-22 11:54:04.3890|DEBUG|Microsoft.EntityFrameworkCore.Database.Transaction|Beginning transaction with isolation level 'Unspecified'. 
2025-04-22 11:54:04.3890|DEBUG|Microsoft.EntityFrameworkCore.Database.Transaction|Began transaction with isolation level 'Serializable'. 
2025-04-22 11:54:04.3890|DEBUG|Microsoft.EntityFrameworkCore.Database.Command|Creating DbCommand for 'ExecuteNonQuery'. 
2025-04-22 11:54:04.3890|DEBUG|Microsoft.EntityFrameworkCore.Database.Command|Created DbCommand for 'ExecuteNonQuery' (0ms). 
2025-04-22 11:54:04.3890|DEBUG|Microsoft.EntityFrameworkCore.Database.Command|Initialized DbCommand for 'ExecuteNonQuery' (0ms). 
2025-04-22 11:54:04.3962|DEBUG|Microsoft.EntityFrameworkCore.Database.Command|Executing DbCommand [Parameters=[], CommandType='Text', CommandTimeout='30']
CREATE TABLE IF NOT EXISTS "__EFMigrationsHistory" (
    "MigrationId" TEXT NOT NULL CONSTRAINT "PK___EFMigrationsHistory" PRIMARY KEY,
    "ProductVersion" TEXT NOT NULL
); 
2025-04-22 11:54:04.3962|INFO|Microsoft.EntityFrameworkCore.Database.Command|Executed DbCommand (1ms) [Parameters=[], CommandType='Text', CommandTimeout='30']
CREATE TABLE IF NOT EXISTS "__EFMigrationsHistory" (
    "MigrationId" TEXT NOT NULL CONSTRAINT "PK___EFMigrationsHistory" PRIMARY KEY,
    "ProductVersion" TEXT NOT NULL
); 
2025-04-22 11:54:04.3962|DEBUG|Microsoft.EntityFrameworkCore.Database.Transaction|Committing transaction. 
2025-04-22 11:54:04.3962|DEBUG|Microsoft.EntityFrameworkCore.Database.Transaction|Committed transaction. 
2025-04-22 11:54:04.3962|DEBUG|Microsoft.EntityFrameworkCore.Database.Transaction|Disposing transaction. 
2025-04-22 11:54:04.3962|DEBUG|Microsoft.EntityFrameworkCore.Database.Transaction|Beginning transaction with isolation level 'Unspecified'. 
2025-04-22 11:54:04.3962|DEBUG|Microsoft.EntityFrameworkCore.Database.Transaction|Began transaction with isolation level 'Serializable'. 
2025-04-22 11:54:04.3962|DEBUG|Microsoft.EntityFrameworkCore.Database.Connection|Creating DbConnection. 
2025-04-22 11:54:04.3962|DEBUG|Microsoft.EntityFrameworkCore.Database.Connection|Created DbConnection. (0ms). 
2025-04-22 11:54:04.3962|DEBUG|Microsoft.EntityFrameworkCore.Database.Connection|Opening connection to database 'main' on server 'flightairline.db'. 
2025-04-22 11:54:04.3962|DEBUG|Microsoft.EntityFrameworkCore.Database.Connection|Opened connection to database 'main' on server 'C:\Users\Иван\source\repos\FlightAirline\flightairline.db'. 
2025-04-22 11:54:04.3962|DEBUG|Microsoft.EntityFrameworkCore.Database.Connection|Disposing connection to database 'main' on server 'flightairline.db'. 
2025-04-22 11:54:04.3962|DEBUG|Microsoft.EntityFrameworkCore.Database.Connection|Disposed connection to database 'main' on server 'flightairline.db' (0ms). 
2025-04-22 11:54:04.3962|DEBUG|Microsoft.EntityFrameworkCore.Database.Command|Creating DbCommand for 'ExecuteScalar'. 
2025-04-22 11:54:04.3962|DEBUG|Microsoft.EntityFrameworkCore.Database.Command|Created DbCommand for 'ExecuteScalar' (0ms). 
2025-04-22 11:54:04.3962|DEBUG|Microsoft.EntityFrameworkCore.Database.Command|Initialized DbCommand for 'ExecuteScalar' (0ms). 
2025-04-22 11:54:04.3962|DEBUG|Microsoft.EntityFrameworkCore.Database.Command|Executing DbCommand [Parameters=[], CommandType='Text', CommandTimeout='30']
SELECT COUNT(*) FROM "sqlite_master" WHERE "name" = '__EFMigrationsHistory' AND "type" = 'table'; 
2025-04-22 11:54:04.3962|INFO|Microsoft.EntityFrameworkCore.Database.Command|Executed DbCommand (0ms) [Parameters=[], CommandType='Text', CommandTimeout='30']
SELECT COUNT(*) FROM "sqlite_master" WHERE "name" = '__EFMigrationsHistory' AND "type" = 'table'; 
2025-04-22 11:54:04.3962|DEBUG|Microsoft.EntityFrameworkCore.Database.Command|Creating DbCommand for 'ExecuteReader'. 
2025-04-22 11:54:04.3962|DEBUG|Microsoft.EntityFrameworkCore.Database.Command|Created DbCommand for 'ExecuteReader' (0ms). 
2025-04-22 11:54:04.3962|DEBUG|Microsoft.EntityFrameworkCore.Database.Command|Initialized DbCommand for 'ExecuteReader' (0ms). 
2025-04-22 11:54:04.3962|DEBUG|Microsoft.EntityFrameworkCore.Database.Command|Executing DbCommand [Parameters=[], CommandType='Text', CommandTimeout='30']
SELECT "MigrationId", "ProductVersion"
FROM "__EFMigrationsHistory"
ORDER BY "MigrationId"; 
2025-04-22 11:54:04.3962|INFO|Microsoft.EntityFrameworkCore.Database.Command|Executed DbCommand (1ms) [Parameters=[], CommandType='Text', CommandTimeout='30']
SELECT "MigrationId", "ProductVersion"
FROM "__EFMigrationsHistory"
ORDER BY "MigrationId"; 
2025-04-22 11:54:04.3962|DEBUG|Microsoft.EntityFrameworkCore.Database.Command|Closing data reader to 'main' on server 'C:\Users\Иван\source\repos\FlightAirline\flightairline.db'. 
2025-04-22 11:54:04.3962|DEBUG|Microsoft.EntityFrameworkCore.Database.Command|A data reader for 'main' on server 'C:\Users\Иван\source\repos\FlightAirline\flightairline.db' is being disposed after spending 3ms reading results. 
2025-04-22 11:54:04.3962|INFO|Microsoft.EntityFrameworkCore.Migrations|No migrations were applied. The database is already up to date. 
2025-04-22 11:54:04.3962|DEBUG|Microsoft.EntityFrameworkCore.Database.Transaction|Committing transaction. 
2025-04-22 11:54:04.3962|DEBUG|Microsoft.EntityFrameworkCore.Database.Transaction|Committed transaction. 
2025-04-22 11:54:04.3962|DEBUG|Microsoft.EntityFrameworkCore.Database.Command|Creating DbCommand for 'ExecuteScalar'. 
2025-04-22 11:54:04.4246|DEBUG|Microsoft.EntityFrameworkCore.Database.Command|Created DbCommand for 'ExecuteScalar' (0ms). 
2025-04-22 11:54:04.4246|DEBUG|Microsoft.EntityFrameworkCore.Database.Command|Initialized DbCommand for 'ExecuteScalar' (1ms). 
2025-04-22 11:54:04.4246|DEBUG|Microsoft.EntityFrameworkCore.Database.Command|Executing DbCommand [Parameters=[], CommandType='Text', CommandTimeout='30']
DELETE FROM "__EFMigrationsLock"; 
2025-04-22 11:54:04.4246|INFO|Microsoft.EntityFrameworkCore.Database.Command|Executed DbCommand (2ms) [Parameters=[], CommandType='Text', CommandTimeout='30']
DELETE FROM "__EFMigrationsLock"; 
2025-04-22 11:54:04.4274|DEBUG|Microsoft.EntityFrameworkCore.Database.Transaction|Disposing transaction. 
2025-04-22 11:54:04.4274|DEBUG|Microsoft.EntityFrameworkCore.Database.Connection|Closing connection to database 'main' on server 'C:\Users\Иван\source\repos\FlightAirline\flightairline.db'. 
2025-04-22 11:54:04.4274|DEBUG|Microsoft.EntityFrameworkCore.Database.Connection|Closed connection to database 'main' on server 'flightairline.db' (3ms). 
2025-04-22 11:54:04.4274|DEBUG|Microsoft.EntityFrameworkCore.Infrastructure|'AirportScheduleContext' disposed. 
2025-04-22 11:54:04.4274|DEBUG|Microsoft.EntityFrameworkCore.Database.Connection|Disposing connection to database 'main' on server 'flightairline.db'. 
2025-04-22 11:54:04.4274|DEBUG|Microsoft.EntityFrameworkCore.Database.Connection|Disposed connection to database 'main' on server 'flightairline.db' (0ms). 
2025-04-22 11:54:04.4274|DEBUG|Microsoft.Extensions.Hosting.Internal.Host|Hosting starting 
2025-04-22 11:54:04.6055|INFO|Microsoft.Hosting.Lifetime|Now listening on: http://localhost:5263 
2025-04-22 11:54:04.6055|DEBUG|Microsoft.AspNetCore.Hosting.Diagnostics|Loaded hosting startup assembly FlightAirline 
2025-04-22 11:54:04.6055|DEBUG|Microsoft.AspNetCore.Hosting.Diagnostics|Loaded hosting startup assembly Microsoft.WebTools.ApiEndpointDiscovery 
2025-04-22 11:54:04.6055|DEBUG|Microsoft.AspNetCore.Hosting.Diagnostics|Loaded hosting startup assembly Microsoft.AspNetCore.Watch.BrowserRefresh 
2025-04-22 11:54:04.6055|DEBUG|Microsoft.AspNetCore.Hosting.Diagnostics|Loaded hosting startup assembly Microsoft.WebTools.BrowserLink.Net 
2025-04-22 11:54:04.7207|INFO|Microsoft.Hosting.Lifetime|Application started. Press Ctrl+C to shut down. 
2025-04-22 11:54:04.7207|INFO|Microsoft.Hosting.Lifetime|Hosting environment: Development 
2025-04-22 11:54:04.7207|INFO|Microsoft.Hosting.Lifetime|Content root path: C:\Users\Иван\source\repos\FlightAirline 
2025-04-22 11:54:04.7207|DEBUG|Microsoft.Extensions.Hosting.Internal.Host|Hosting started 
2025-04-22 11:54:04.7640|DEBUG|Microsoft.AspNetCore.Server.Kestrel.Transport.Sockets|Connection id "0HNC1FCU3CQ3J" received FIN. 
2025-04-22 11:54:04.7726|DEBUG|Microsoft.AspNetCore.Server.Kestrel.Connections|Connection id "0HNC1FCU3CQ3J" accepted. 
2025-04-22 11:54:04.7726|DEBUG|Microsoft.AspNetCore.Server.Kestrel.Connections|Connection id "0HNC1FCU3CQ3J" started. 
2025-04-22 11:54:04.7864|DEBUG|Microsoft.AspNetCore.Server.Kestrel.Transport.Sockets|Connection id "0HNC1FCU3CQ3J" sending FIN because: "The Socket transport's send loop completed gracefully." 
2025-04-22 11:54:04.7864|DEBUG|Microsoft.AspNetCore.Server.Kestrel.Connections|Connection id "0HNC1FCU3CQ3J" disconnecting. 
2025-04-22 11:54:04.7864|DEBUG|Microsoft.AspNetCore.Server.Kestrel.Connections|Connection id "0HNC1FCU3CQ3J" stopped. 
2025-04-22 11:54:05.0412|DEBUG|Microsoft.AspNetCore.Server.Kestrel.Connections|Connection id "0HNC1FCU3CQ3K" accepted. 
2025-04-22 11:54:05.0412|DEBUG|Microsoft.AspNetCore.Server.Kestrel.Connections|Connection id "0HNC1FCU3CQ3K" started. 
2025-04-22 11:54:05.0412|DEBUG|Microsoft.AspNetCore.Server.Kestrel.Connections|Connection id "0HNC1FCU3CQ3L" accepted. 
2025-04-22 11:54:05.0412|DEBUG|Microsoft.AspNetCore.Server.Kestrel.Connections|Connection id "0HNC1FCU3CQ3L" started. 
2025-04-22 11:54:05.1197|INFO|Microsoft.AspNetCore.Hosting.Diagnostics|Request starting HTTP/1.1 GET http://localhost:5263/_framework/aspnetcore-browser-refresh.js - - - 
2025-04-22 11:54:05.1371|DEBUG|Microsoft.AspNetCore.Server.Kestrel.Connections|Connection id "0HNC1FCU3CQ3K" completed keep alive response. 
2025-04-22 11:54:05.1371|INFO|Microsoft.AspNetCore.Hosting.Diagnostics|Request finished HTTP/1.1 GET http://localhost:5263/_framework/aspnetcore-browser-refresh.js - 200 13762 application/javascript;+charset=utf-8 26.8716ms 
2025-04-22 11:54:06.4624|INFO|Microsoft.AspNetCore.Hosting.Diagnostics|Request starting HTTP/1.1 GET http://localhost:5263/swagger/v1/swagger.json - - - 
2025-04-22 11:54:06.4986|DEBUG|Microsoft.AspNetCore.HostFiltering.HostFilteringMiddleware|Wildcard detected, all requests with hosts will be allowed. 
2025-04-22 11:54:06.5285|DEBUG|Microsoft.AspNetCore.Server.Kestrel.Connections|Connection id "0HNC1FCU3CQ3K" completed keep alive response. 
2025-04-22 11:54:06.5285|INFO|Microsoft.AspNetCore.Hosting.Diagnostics|Request finished HTTP/1.1 GET http://localhost:5263/swagger/v1/swagger.json - 200 - application/json;charset=utf-8 68.1590ms 
2025-04-22 11:55:19.5903|DEBUG|Microsoft.AspNetCore.Mvc.ModelBinding.ModelBinderFactory|Registered model binder providers, in the following order: Microsoft.AspNetCore.Mvc.ModelBinding.Binders.BinderTypeModelBinderProvider, Microsoft.AspNetCore.Mvc.ModelBinding.Binders.ServicesModelBinderProvider, Microsoft.AspNetCore.Mvc.ModelBinding.Binders.BodyModelBinderProvider, Microsoft.AspNetCore.Mvc.ModelBinding.Binders.HeaderModelBinderProvider, Microsoft.AspNetCore.Mvc.ModelBinding.Binders.FloatingPointTypeModelBinderProvider, Microsoft.AspNetCore.Mvc.ModelBinding.Binders.EnumTypeModelBinderProvider, Microsoft.AspNetCore.Mvc.ModelBinding.Binders.DateTimeModelBinderProvider, Microsoft.AspNetCore.Mvc.ModelBinding.Binders.SimpleTypeModelBinderProvider, Microsoft.AspNetCore.Mvc.ModelBinding.Binders.TryParseModelBinderProvider, Microsoft.AspNetCore.Mvc.ModelBinding.Binders.CancellationTokenModelBinderProvider, Microsoft.AspNetCore.Mvc.ModelBinding.Binders.ByteArrayModelBinderProvider, Microsoft.AspNetCore.Mvc.ModelBinding.Binders.FormFileModelBinderProvider, Microsoft.AspNetCore.Mvc.ModelBinding.Binders.FormCollectionModelBinderProvider, Microsoft.AspNetCore.Mvc.ModelBinding.Binders.KeyValuePairModelBinderProvider, Microsoft.AspNetCore.Mvc.ModelBinding.Binders.DictionaryModelBinderProvider, Microsoft.AspNetCore.Mvc.ModelBinding.Binders.ArrayModelBinderProvider, Microsoft.AspNetCore.Mvc.ModelBinding.Binders.CollectionModelBinderProvider, Microsoft.AspNetCore.Mvc.ModelBinding.Binders.ComplexObjectModelBinderProvider 
2025-04-22 11:55:19.7959|DEBUG|Microsoft.EntityFrameworkCore.Infrastructure|An 'IServiceProvider' was created for internal use by Entity Framework. 
2025-04-22 11:55:20.0231|DEBUG|Microsoft.EntityFrameworkCore.Model|No relationship from 'Airport' to 'Flight' has been configured by convention because there are multiple properties on one entity type - {'Arrivals', 'Departures'} that could be matched with the properties on the other entity type - {'ArrivalAirport', 'DepartureAirport'}. This message can be disregarded if explicit configuration has been specified in 'OnModelCreating'. 
2025-04-22 11:55:20.0383|DEBUG|Microsoft.EntityFrameworkCore.Model|No relationship from 'Flight' to 'Airport' has been configured by convention because there are multiple properties on one entity type - {'ArrivalAirport', 'DepartureAirport'} that could be matched with the properties on the other entity type - {'Arrivals', 'Departures'}. This message can be disregarded if explicit configuration has been specified in 'OnModelCreating'. 
2025-04-22 11:55:20.1528|DEBUG|Microsoft.EntityFrameworkCore.Model|No relationship from 'Flight' to 'Airport' has been configured by convention because there are multiple properties on one entity type - {'ArrivalAirport', 'DepartureAirport'} that could be matched with the properties on the other entity type - {'Arrivals', 'Departures'}. This message can be disregarded if explicit configuration has been specified in 'OnModelCreating'. 
2025-04-22 11:55:20.1528|DEBUG|Microsoft.EntityFrameworkCore.Model|No relationship from 'Airport' to 'Flight' has been configured by convention because there are multiple properties on one entity type - {'Arrivals', 'Departures'} that could be matched with the properties on the other entity type - {'ArrivalAirport', 'DepartureAirport'}. This message can be disregarded if explicit configuration has been specified in 'OnModelCreating'. 
2025-04-22 11:55:20.3253|DEBUG|Microsoft.EntityFrameworkCore.Infrastructure|Entity Framework Core 9.0.3 initialized 'AirportScheduleContext' using provider 'Microsoft.EntityFrameworkCore.Sqlite:9.0.3' with options: None 
2025-04-22 11:55:20.4279|DEBUG|Microsoft.EntityFrameworkCore.Database.Connection|Creating DbConnection. 
2025-04-22 11:55:20.4425|DEBUG|Microsoft.EntityFrameworkCore.Database.Connection|Created DbConnection. (11ms). 
2025-04-22 11:55:20.4425|DEBUG|Microsoft.EntityFrameworkCore.Migrations|Migrating using database 'main' on server 'flightairline.db'. 
2025-04-22 11:55:20.4425|DEBUG|Microsoft.EntityFrameworkCore.Database.Connection|Creating DbConnection. 
2025-04-22 11:55:20.4425|DEBUG|Microsoft.EntityFrameworkCore.Database.Connection|Created DbConnection. (0ms). 
2025-04-22 11:55:20.4425|DEBUG|Microsoft.EntityFrameworkCore.Database.Connection|Opening connection to database 'main' on server 'flightairline.db'. 
2025-04-22 11:55:20.4599|DEBUG|Microsoft.EntityFrameworkCore.Database.Connection|Opened connection to database 'main' on server 'C:\Users\Иван\source\repos\FlightAirline\flightairline.db'. 
2025-04-22 11:55:20.4599|DEBUG|Microsoft.EntityFrameworkCore.Database.Connection|Disposing connection to database 'main' on server 'flightairline.db'. 
2025-04-22 11:55:20.4599|DEBUG|Microsoft.EntityFrameworkCore.Database.Connection|Disposed connection to database 'main' on server 'flightairline.db' (0ms). 
2025-04-22 11:55:20.4599|DEBUG|Microsoft.EntityFrameworkCore.Database.Connection|Opening connection to database 'main' on server 'flightairline.db'. 
2025-04-22 11:55:20.4599|DEBUG|Microsoft.EntityFrameworkCore.Database.Connection|Opened connection to database 'main' on server 'C:\Users\Иван\source\repos\FlightAirline\flightairline.db'. 
2025-04-22 11:55:20.4599|INFO|Microsoft.EntityFrameworkCore.Migrations|Acquiring an exclusive lock for migration application. See https://aka.ms/efcore-docs-migrations-lock for more information if this takes too long. 
2025-04-22 11:55:20.4755|DEBUG|Microsoft.EntityFrameworkCore.Database.Command|Creating DbCommand for 'ExecuteScalar'. 
2025-04-22 11:55:20.4755|DEBUG|Microsoft.EntityFrameworkCore.Database.Command|Created DbCommand for 'ExecuteScalar' (2ms). 
2025-04-22 11:55:20.4755|DEBUG|Microsoft.EntityFrameworkCore.Database.Command|Initialized DbCommand for 'ExecuteScalar' (6ms). 
2025-04-22 11:55:20.4755|DEBUG|Microsoft.EntityFrameworkCore.Database.Command|Executing DbCommand [Parameters=[], CommandType='Text', CommandTimeout='30']
SELECT COUNT(*) FROM "sqlite_master" WHERE "name" = '__EFMigrationsLock' AND "type" = 'table'; 
2025-04-22 11:55:20.5035|INFO|Microsoft.EntityFrameworkCore.Database.Command|Executed DbCommand (16ms) [Parameters=[], CommandType='Text', CommandTimeout='30']
SELECT COUNT(*) FROM "sqlite_master" WHERE "name" = '__EFMigrationsLock' AND "type" = 'table'; 
2025-04-22 11:55:20.5092|DEBUG|Microsoft.EntityFrameworkCore.Database.Command|Creating DbCommand for 'ExecuteScalar'. 
2025-04-22 11:55:20.5092|DEBUG|Microsoft.EntityFrameworkCore.Database.Command|Created DbCommand for 'ExecuteScalar' (0ms). 
2025-04-22 11:55:20.5092|DEBUG|Microsoft.EntityFrameworkCore.Database.Command|Initialized DbCommand for 'ExecuteScalar' (0ms). 
2025-04-22 11:55:20.5092|DEBUG|Microsoft.EntityFrameworkCore.Database.Command|Executing DbCommand [Parameters=[], CommandType='Text', CommandTimeout='30']
INSERT OR IGNORE INTO "__EFMigrationsLock"("Id", "Timestamp") VALUES(1, '2025-04-22 08:55:20.5057427+00:00');
SELECT changes(); 
2025-04-22 11:55:20.5092|INFO|Microsoft.EntityFrameworkCore.Database.Command|Executed DbCommand (5ms) [Parameters=[], CommandType='Text', CommandTimeout='30']
INSERT OR IGNORE INTO "__EFMigrationsLock"("Id", "Timestamp") VALUES(1, '2025-04-22 08:55:20.5057427+00:00');
SELECT changes(); 
2025-04-22 11:55:20.5722|DEBUG|Microsoft.EntityFrameworkCore.Database.Transaction|Beginning transaction with isolation level 'Unspecified'. 
2025-04-22 11:55:20.5722|DEBUG|Microsoft.EntityFrameworkCore.Database.Transaction|Began transaction with isolation level 'Serializable'. 
2025-04-22 11:55:20.5722|DEBUG|Microsoft.EntityFrameworkCore.Database.Command|Creating DbCommand for 'ExecuteNonQuery'. 
2025-04-22 11:55:20.5722|DEBUG|Microsoft.EntityFrameworkCore.Database.Command|Created DbCommand for 'ExecuteNonQuery' (0ms). 
2025-04-22 11:55:20.5722|DEBUG|Microsoft.EntityFrameworkCore.Database.Command|Initialized DbCommand for 'ExecuteNonQuery' (0ms). 
2025-04-22 11:55:20.5722|DEBUG|Microsoft.EntityFrameworkCore.Database.Command|Executing DbCommand [Parameters=[], CommandType='Text', CommandTimeout='30']
CREATE TABLE IF NOT EXISTS "__EFMigrationsHistory" (
    "MigrationId" TEXT NOT NULL CONSTRAINT "PK___EFMigrationsHistory" PRIMARY KEY,
    "ProductVersion" TEXT NOT NULL
); 
2025-04-22 11:55:20.5722|INFO|Microsoft.EntityFrameworkCore.Database.Command|Executed DbCommand (1ms) [Parameters=[], CommandType='Text', CommandTimeout='30']
CREATE TABLE IF NOT EXISTS "__EFMigrationsHistory" (
    "MigrationId" TEXT NOT NULL CONSTRAINT "PK___EFMigrationsHistory" PRIMARY KEY,
    "ProductVersion" TEXT NOT NULL
); 
2025-04-22 11:55:20.5722|DEBUG|Microsoft.EntityFrameworkCore.Database.Transaction|Committing transaction. 
2025-04-22 11:55:20.5829|DEBUG|Microsoft.EntityFrameworkCore.Database.Transaction|Committed transaction. 
2025-04-22 11:55:20.5829|DEBUG|Microsoft.EntityFrameworkCore.Database.Transaction|Disposing transaction. 
2025-04-22 11:55:20.5829|DEBUG|Microsoft.EntityFrameworkCore.Database.Transaction|Beginning transaction with isolation level 'Unspecified'. 
2025-04-22 11:55:20.5829|DEBUG|Microsoft.EntityFrameworkCore.Database.Transaction|Began transaction with isolation level 'Serializable'. 
2025-04-22 11:55:20.5829|DEBUG|Microsoft.EntityFrameworkCore.Database.Connection|Creating DbConnection. 
2025-04-22 11:55:20.5829|DEBUG|Microsoft.EntityFrameworkCore.Database.Connection|Created DbConnection. (0ms). 
2025-04-22 11:55:20.5829|DEBUG|Microsoft.EntityFrameworkCore.Database.Connection|Opening connection to database 'main' on server 'flightairline.db'. 
2025-04-22 11:55:20.5829|DEBUG|Microsoft.EntityFrameworkCore.Database.Connection|Opened connection to database 'main' on server 'C:\Users\Иван\source\repos\FlightAirline\flightairline.db'. 
2025-04-22 11:55:20.5829|DEBUG|Microsoft.EntityFrameworkCore.Database.Connection|Disposing connection to database 'main' on server 'flightairline.db'. 
2025-04-22 11:55:20.5829|DEBUG|Microsoft.EntityFrameworkCore.Database.Connection|Disposed connection to database 'main' on server 'flightairline.db' (0ms). 
2025-04-22 11:55:20.5829|DEBUG|Microsoft.EntityFrameworkCore.Database.Command|Creating DbCommand for 'ExecuteScalar'. 
2025-04-22 11:55:20.5829|DEBUG|Microsoft.EntityFrameworkCore.Database.Command|Created DbCommand for 'ExecuteScalar' (0ms). 
2025-04-22 11:55:20.5829|DEBUG|Microsoft.EntityFrameworkCore.Database.Command|Initialized DbCommand for 'ExecuteScalar' (0ms). 
2025-04-22 11:55:20.5829|DEBUG|Microsoft.EntityFrameworkCore.Database.Command|Executing DbCommand [Parameters=[], CommandType='Text', CommandTimeout='30']
SELECT COUNT(*) FROM "sqlite_master" WHERE "name" = '__EFMigrationsHistory' AND "type" = 'table'; 
2025-04-22 11:55:20.5829|INFO|Microsoft.EntityFrameworkCore.Database.Command|Executed DbCommand (0ms) [Parameters=[], CommandType='Text', CommandTimeout='30']
SELECT COUNT(*) FROM "sqlite_master" WHERE "name" = '__EFMigrationsHistory' AND "type" = 'table'; 
2025-04-22 11:55:20.5829|DEBUG|Microsoft.EntityFrameworkCore.Database.Command|Creating DbCommand for 'ExecuteReader'. 
2025-04-22 11:55:20.5829|DEBUG|Microsoft.EntityFrameworkCore.Database.Command|Created DbCommand for 'ExecuteReader' (0ms). 
2025-04-22 11:55:20.5829|DEBUG|Microsoft.EntityFrameworkCore.Database.Command|Initialized DbCommand for 'ExecuteReader' (0ms). 
2025-04-22 11:55:20.5829|DEBUG|Microsoft.EntityFrameworkCore.Database.Command|Executing DbCommand [Parameters=[], CommandType='Text', CommandTimeout='30']
SELECT "MigrationId", "ProductVersion"
FROM "__EFMigrationsHistory"
ORDER BY "MigrationId"; 
2025-04-22 11:55:20.5829|INFO|Microsoft.EntityFrameworkCore.Database.Command|Executed DbCommand (1ms) [Parameters=[], CommandType='Text', CommandTimeout='30']
SELECT "MigrationId", "ProductVersion"
FROM "__EFMigrationsHistory"
ORDER BY "MigrationId"; 
2025-04-22 11:55:20.5977|DEBUG|Microsoft.EntityFrameworkCore.Database.Command|Closing data reader to 'main' on server 'C:\Users\Иван\source\repos\FlightAirline\flightairline.db'. 
2025-04-22 11:55:20.5977|DEBUG|Microsoft.EntityFrameworkCore.Database.Command|A data reader for 'main' on server 'C:\Users\Иван\source\repos\FlightAirline\flightairline.db' is being disposed after spending 2ms reading results. 
2025-04-22 11:55:20.5977|INFO|Microsoft.EntityFrameworkCore.Migrations|No migrations were applied. The database is already up to date. 
2025-04-22 11:55:20.5977|DEBUG|Microsoft.EntityFrameworkCore.Database.Transaction|Committing transaction. 
2025-04-22 11:55:20.5977|DEBUG|Microsoft.EntityFrameworkCore.Database.Transaction|Committed transaction. 
2025-04-22 11:55:20.5977|DEBUG|Microsoft.EntityFrameworkCore.Database.Command|Creating DbCommand for 'ExecuteScalar'. 
2025-04-22 11:55:20.5977|DEBUG|Microsoft.EntityFrameworkCore.Database.Command|Created DbCommand for 'ExecuteScalar' (0ms). 
2025-04-22 11:55:20.5977|DEBUG|Microsoft.EntityFrameworkCore.Database.Command|Initialized DbCommand for 'ExecuteScalar' (0ms). 
2025-04-22 11:55:20.5977|DEBUG|Microsoft.EntityFrameworkCore.Database.Command|Executing DbCommand [Parameters=[], CommandType='Text', CommandTimeout='30']
DELETE FROM "__EFMigrationsLock"; 
2025-04-22 11:55:20.5977|INFO|Microsoft.EntityFrameworkCore.Database.Command|Executed DbCommand (2ms) [Parameters=[], CommandType='Text', CommandTimeout='30']
DELETE FROM "__EFMigrationsLock"; 
2025-04-22 11:55:20.5977|DEBUG|Microsoft.EntityFrameworkCore.Database.Transaction|Disposing transaction. 
2025-04-22 11:55:20.5977|DEBUG|Microsoft.EntityFrameworkCore.Database.Connection|Closing connection to database 'main' on server 'C:\Users\Иван\source\repos\FlightAirline\flightairline.db'. 
2025-04-22 11:55:20.6129|DEBUG|Microsoft.EntityFrameworkCore.Database.Connection|Closed connection to database 'main' on server 'flightairline.db' (3ms). 
2025-04-22 11:55:20.6129|DEBUG|Microsoft.EntityFrameworkCore.Infrastructure|'AirportScheduleContext' disposed. 
2025-04-22 11:55:20.6129|DEBUG|Microsoft.EntityFrameworkCore.Database.Connection|Disposing connection to database 'main' on server 'flightairline.db'. 
2025-04-22 11:55:20.6129|DEBUG|Microsoft.EntityFrameworkCore.Database.Connection|Disposed connection to database 'main' on server 'flightairline.db' (0ms). 
2025-04-22 11:55:20.6129|DEBUG|Microsoft.Extensions.Hosting.Internal.Host|Hosting starting 
2025-04-22 11:55:20.8492|DEBUG|Microsoft.AspNetCore.Server.Kestrel.Transport.Sockets|Connection id "0HNC1FDKP02A5" received FIN. 
2025-04-22 11:55:20.8492|DEBUG|Microsoft.AspNetCore.Server.Kestrel.Transport.Sockets|Connection id "0HNC1FDKP02A6" received FIN. 
2025-04-22 11:55:20.8492|INFO|Microsoft.Hosting.Lifetime|Now listening on: http://localhost:5263 
2025-04-22 11:55:20.8492|DEBUG|Microsoft.AspNetCore.Hosting.Diagnostics|Loaded hosting startup assembly FlightAirline 
2025-04-22 11:55:20.8492|DEBUG|Microsoft.AspNetCore.Hosting.Diagnostics|Loaded hosting startup assembly Microsoft.WebTools.ApiEndpointDiscovery 
2025-04-22 11:55:20.8492|DEBUG|Microsoft.AspNetCore.Hosting.Diagnostics|Loaded hosting startup assembly Microsoft.AspNetCore.Watch.BrowserRefresh 
2025-04-22 11:55:20.8492|DEBUG|Microsoft.AspNetCore.Hosting.Diagnostics|Loaded hosting startup assembly Microsoft.WebTools.BrowserLink.Net 
2025-04-22 11:55:20.8649|DEBUG|Microsoft.AspNetCore.Server.Kestrel.Connections|Connection id "0HNC1FDKP02A6" accepted. 
2025-04-22 11:55:20.8649|DEBUG|Microsoft.AspNetCore.Server.Kestrel.Connections|Connection id "0HNC1FDKP02A5" accepted. 
2025-04-22 11:55:20.8649|DEBUG|Microsoft.AspNetCore.Server.Kestrel.Connections|Connection id "0HNC1FDKP02A6" started. 
2025-04-22 11:55:20.8649|DEBUG|Microsoft.AspNetCore.Server.Kestrel.Connections|Connection id "0HNC1FDKP02A5" started. 
2025-04-22 11:55:20.8841|DEBUG|Microsoft.AspNetCore.Server.Kestrel.Transport.Sockets|Connection id "0HNC1FDKP02A6" sending FIN because: "The Socket transport's send loop completed gracefully." 
2025-04-22 11:55:20.8841|DEBUG|Microsoft.AspNetCore.Server.Kestrel.Transport.Sockets|Connection id "0HNC1FDKP02A5" sending FIN because: "The Socket transport's send loop completed gracefully." 
2025-04-22 11:55:20.8841|DEBUG|Microsoft.AspNetCore.Server.Kestrel.Connections|Connection id "0HNC1FDKP02A5" disconnecting. 
2025-04-22 11:55:20.8841|DEBUG|Microsoft.AspNetCore.Server.Kestrel.Connections|Connection id "0HNC1FDKP02A6" disconnecting. 
2025-04-22 11:55:20.8841|DEBUG|Microsoft.AspNetCore.Server.Kestrel.Connections|Connection id "0HNC1FDKP02A5" stopped. 
2025-04-22 11:55:20.8841|DEBUG|Microsoft.AspNetCore.Server.Kestrel.Connections|Connection id "0HNC1FDKP02A6" stopped. 
2025-04-22 11:55:21.0650|INFO|Microsoft.Hosting.Lifetime|Application started. Press Ctrl+C to shut down. 
2025-04-22 11:55:21.0665|INFO|Microsoft.Hosting.Lifetime|Hosting environment: Development 
2025-04-22 11:55:21.0665|INFO|Microsoft.Hosting.Lifetime|Content root path: C:\Users\Иван\source\repos\FlightAirline 
2025-04-22 11:55:21.0665|DEBUG|Microsoft.Extensions.Hosting.Internal.Host|Hosting started 
2025-04-22 11:55:23.5749|DEBUG|Microsoft.AspNetCore.Server.Kestrel.Connections|Connection id "0HNC1FDKP02A7" accepted. 
2025-04-22 11:55:23.5749|DEBUG|Microsoft.AspNetCore.Server.Kestrel.Connections|Connection id "0HNC1FDKP02A7" started. 
2025-04-22 11:55:23.5749|DEBUG|Microsoft.AspNetCore.Server.Kestrel.Connections|Connection id "0HNC1FDKP02A8" accepted. 
2025-04-22 11:55:23.5820|DEBUG|Microsoft.AspNetCore.Server.Kestrel.Connections|Connection id "0HNC1FDKP02A8" started. 
2025-04-22 11:55:23.6898|INFO|Microsoft.AspNetCore.Hosting.Diagnostics|Request starting HTTP/1.1 GET http://localhost:5263/_framework/aspnetcore-browser-refresh.js - - - 
2025-04-22 11:55:23.7018|DEBUG|Microsoft.AspNetCore.Server.Kestrel.Connections|Connection id "0HNC1FDKP02A7" completed keep alive response. 
2025-04-22 11:55:23.7018|INFO|Microsoft.AspNetCore.Hosting.Diagnostics|Request finished HTTP/1.1 GET http://localhost:5263/_framework/aspnetcore-browser-refresh.js - 200 13762 application/javascript;+charset=utf-8 32.6660ms 
2025-04-22 11:55:25.1023|INFO|Microsoft.AspNetCore.Hosting.Diagnostics|Request starting HTTP/1.1 GET http://localhost:5263/swagger/v1/swagger.json - - - 
2025-04-22 11:55:25.1205|DEBUG|Microsoft.AspNetCore.HostFiltering.HostFilteringMiddleware|Wildcard detected, all requests with hosts will be allowed. 
2025-04-22 11:55:25.1521|DEBUG|Microsoft.AspNetCore.Server.Kestrel.Connections|Connection id "0HNC1FDKP02A7" completed keep alive response. 
2025-04-22 11:55:25.1521|INFO|Microsoft.AspNetCore.Hosting.Diagnostics|Request finished HTTP/1.1 GET http://localhost:5263/swagger/v1/swagger.json - 200 - application/json;charset=utf-8 51.7227ms 
