2025-04-21 13:19:29.9649|DEBUG|Microsoft.AspNetCore.Mvc.ModelBinding.ModelBinderFactory|Registered model binder providers, in the following order: Microsoft.AspNetCore.Mvc.ModelBinding.Binders.BinderTypeModelBinderProvider, Microsoft.AspNetCore.Mvc.ModelBinding.Binders.ServicesModelBinderProvider, Microsoft.AspNetCore.Mvc.ModelBinding.Binders.BodyModelBinderProvider, Microsoft.AspNetCore.Mvc.ModelBinding.Binders.HeaderModelBinderProvider, Microsoft.AspNetCore.Mvc.ModelBinding.Binders.FloatingPointTypeModelBinderProvider, Microsoft.AspNetCore.Mvc.ModelBinding.Binders.EnumTypeModelBinderProvider, Microsoft.AspNetCore.Mvc.ModelBinding.Binders.DateTimeModelBinderProvider, Microsoft.AspNetCore.Mvc.ModelBinding.Binders.SimpleTypeModelBinderProvider, Microsoft.AspNetCore.Mvc.ModelBinding.Binders.TryParseModelBinderProvider, Microsoft.AspNetCore.Mvc.ModelBinding.Binders.CancellationTokenModelBinderProvider, Microsoft.AspNetCore.Mvc.ModelBinding.Binders.ByteArrayModelBinderProvider, Microsoft.AspNetCore.Mvc.ModelBinding.Binders.FormFileModelBinderProvider, Microsoft.AspNetCore.Mvc.ModelBinding.Binders.FormCollectionModelBinderProvider, Microsoft.AspNetCore.Mvc.ModelBinding.Binders.KeyValuePairModelBinderProvider, Microsoft.AspNetCore.Mvc.ModelBinding.Binders.DictionaryModelBinderProvider, Microsoft.AspNetCore.Mvc.ModelBinding.Binders.ArrayModelBinderProvider, Microsoft.AspNetCore.Mvc.ModelBinding.Binders.CollectionModelBinderProvider, Microsoft.AspNetCore.Mvc.ModelBinding.Binders.ComplexObjectModelBinderProvider 
2025-04-21 13:19:30.2903|DEBUG|Microsoft.EntityFrameworkCore.Infrastructure|An 'IServiceProvider' was created for internal use by Entity Framework. 
2025-04-21 13:19:30.8287|DEBUG|Microsoft.EntityFrameworkCore.Model|No relationship from 'Airport' to 'Flight' has been configured by convention because there are multiple properties on one entity type - {'Arrivals', 'Departures'} that could be matched with the properties on the other entity type - {'ArrivalAirport', 'DepartureAirport'}. This message can be disregarded if explicit configuration has been specified in 'OnModelCreating'. 
2025-04-21 13:19:30.8491|DEBUG|Microsoft.EntityFrameworkCore.Model|No relationship from 'Flight' to 'Airport' has been configured by convention because there are multiple properties on one entity type - {'ArrivalAirport', 'DepartureAirport'} that could be matched with the properties on the other entity type - {'Arrivals', 'Departures'}. This message can be disregarded if explicit configuration has been specified in 'OnModelCreating'. 
2025-04-21 13:19:30.9752|DEBUG|Microsoft.EntityFrameworkCore.Model|No relationship from 'Flight' to 'Airport' has been configured by convention because there are multiple properties on one entity type - {'ArrivalAirport', 'DepartureAirport'} that could be matched with the properties on the other entity type - {'Arrivals', 'Departures'}. This message can be disregarded if explicit configuration has been specified in 'OnModelCreating'. 
2025-04-21 13:19:30.9752|DEBUG|Microsoft.EntityFrameworkCore.Model|No relationship from 'Airport' to 'Flight' has been configured by convention because there are multiple properties on one entity type - {'Arrivals', 'Departures'} that could be matched with the properties on the other entity type - {'ArrivalAirport', 'DepartureAirport'}. This message can be disregarded if explicit configuration has been specified in 'OnModelCreating'. 
2025-04-21 13:19:31.1758|DEBUG|Microsoft.EntityFrameworkCore.Infrastructure|Entity Framework Core 9.0.3 initialized 'AirportScheduleContext' using provider 'Microsoft.EntityFrameworkCore.Sqlite:9.0.3' with options: None 
2025-04-21 13:19:31.2903|DEBUG|Microsoft.EntityFrameworkCore.Database.Connection|Creating DbConnection. 
2025-04-21 13:19:31.3091|DEBUG|Microsoft.EntityFrameworkCore.Database.Connection|Created DbConnection. (15ms). 
2025-04-21 13:19:31.3091|DEBUG|Microsoft.EntityFrameworkCore.Migrations|Migrating using database 'main' on server 'flightairline.db'. 
2025-04-21 13:19:31.3199|DEBUG|Microsoft.EntityFrameworkCore.Database.Connection|Creating DbConnection. 
2025-04-21 13:19:31.3199|DEBUG|Microsoft.EntityFrameworkCore.Database.Connection|Created DbConnection. (1ms). 
2025-04-21 13:19:31.3199|DEBUG|Microsoft.EntityFrameworkCore.Database.Connection|Opening connection to database 'main' on server 'flightairline.db'. 
2025-04-21 13:19:31.3571|DEBUG|Microsoft.EntityFrameworkCore.Database.Connection|Opened connection to database 'main' on server 'C:\Users\Иван\source\repos\FlightAirline\flightairline.db'. 
2025-04-21 13:19:31.3647|DEBUG|Microsoft.EntityFrameworkCore.Database.Connection|Disposing connection to database 'main' on server 'flightairline.db'. 
2025-04-21 13:19:31.3647|DEBUG|Microsoft.EntityFrameworkCore.Database.Connection|Disposed connection to database 'main' on server 'flightairline.db' (1ms). 
2025-04-21 13:19:31.3647|DEBUG|Microsoft.EntityFrameworkCore.Database.Connection|Opening connection to database 'main' on server 'flightairline.db'. 
2025-04-21 13:19:31.3647|DEBUG|Microsoft.EntityFrameworkCore.Database.Connection|Opened connection to database 'main' on server 'C:\Users\Иван\source\repos\FlightAirline\flightairline.db'. 
2025-04-21 13:19:31.3647|INFO|Microsoft.EntityFrameworkCore.Migrations|Acquiring an exclusive lock for migration application. See https://aka.ms/efcore-docs-migrations-lock for more information if this takes too long. 
2025-04-21 13:19:31.3855|DEBUG|Microsoft.EntityFrameworkCore.Database.Command|Creating DbCommand for 'ExecuteScalar'. 
2025-04-21 13:19:31.3855|DEBUG|Microsoft.EntityFrameworkCore.Database.Command|Created DbCommand for 'ExecuteScalar' (4ms). 
2025-04-21 13:19:31.3855|DEBUG|Microsoft.EntityFrameworkCore.Database.Command|Initialized DbCommand for 'ExecuteScalar' (9ms). 
2025-04-21 13:19:31.3997|DEBUG|Microsoft.EntityFrameworkCore.Database.Command|Executing DbCommand [Parameters=[], CommandType='Text', CommandTimeout='30']
SELECT COUNT(*) FROM "sqlite_master" WHERE "name" = '__EFMigrationsLock' AND "type" = 'table'; 
2025-04-21 13:19:31.4240|INFO|Microsoft.EntityFrameworkCore.Database.Command|Executed DbCommand (22ms) [Parameters=[], CommandType='Text', CommandTimeout='30']
SELECT COUNT(*) FROM "sqlite_master" WHERE "name" = '__EFMigrationsLock' AND "type" = 'table'; 
2025-04-21 13:19:31.4303|DEBUG|Microsoft.EntityFrameworkCore.Database.Command|Creating DbCommand for 'ExecuteScalar'. 
2025-04-21 13:19:31.4303|DEBUG|Microsoft.EntityFrameworkCore.Database.Command|Created DbCommand for 'ExecuteScalar' (0ms). 
2025-04-21 13:19:31.4303|DEBUG|Microsoft.EntityFrameworkCore.Database.Command|Initialized DbCommand for 'ExecuteScalar' (0ms). 
2025-04-21 13:19:31.4303|DEBUG|Microsoft.EntityFrameworkCore.Database.Command|Executing DbCommand [Parameters=[], CommandType='Text', CommandTimeout='30']
INSERT OR IGNORE INTO "__EFMigrationsLock"("Id", "Timestamp") VALUES(1, '2025-04-21 10:19:31.4258085+00:00');
SELECT changes(); 
2025-04-21 13:19:31.4303|INFO|Microsoft.EntityFrameworkCore.Database.Command|Executed DbCommand (5ms) [Parameters=[], CommandType='Text', CommandTimeout='30']
INSERT OR IGNORE INTO "__EFMigrationsLock"("Id", "Timestamp") VALUES(1, '2025-04-21 10:19:31.4258085+00:00');
SELECT changes(); 
2025-04-21 13:19:31.4931|DEBUG|Microsoft.EntityFrameworkCore.Database.Transaction|Beginning transaction with isolation level 'Unspecified'. 
2025-04-21 13:19:31.4931|DEBUG|Microsoft.EntityFrameworkCore.Database.Transaction|Began transaction with isolation level 'Serializable'. 
2025-04-21 13:19:31.4931|DEBUG|Microsoft.EntityFrameworkCore.Database.Command|Creating DbCommand for 'ExecuteNonQuery'. 
2025-04-21 13:19:31.4931|DEBUG|Microsoft.EntityFrameworkCore.Database.Command|Created DbCommand for 'ExecuteNonQuery' (0ms). 
2025-04-21 13:19:31.4931|DEBUG|Microsoft.EntityFrameworkCore.Database.Command|Initialized DbCommand for 'ExecuteNonQuery' (1ms). 
2025-04-21 13:19:31.4931|DEBUG|Microsoft.EntityFrameworkCore.Database.Command|Executing DbCommand [Parameters=[], CommandType='Text', CommandTimeout='30']
CREATE TABLE IF NOT EXISTS "__EFMigrationsHistory" (
    "MigrationId" TEXT NOT NULL CONSTRAINT "PK___EFMigrationsHistory" PRIMARY KEY,
    "ProductVersion" TEXT NOT NULL
); 
2025-04-21 13:19:31.4931|INFO|Microsoft.EntityFrameworkCore.Database.Command|Executed DbCommand (1ms) [Parameters=[], CommandType='Text', CommandTimeout='30']
CREATE TABLE IF NOT EXISTS "__EFMigrationsHistory" (
    "MigrationId" TEXT NOT NULL CONSTRAINT "PK___EFMigrationsHistory" PRIMARY KEY,
    "ProductVersion" TEXT NOT NULL
); 
2025-04-21 13:19:31.5027|DEBUG|Microsoft.EntityFrameworkCore.Database.Transaction|Committing transaction. 
2025-04-21 13:19:31.5027|DEBUG|Microsoft.EntityFrameworkCore.Database.Transaction|Committed transaction. 
2025-04-21 13:19:31.5027|DEBUG|Microsoft.EntityFrameworkCore.Database.Transaction|Disposing transaction. 
2025-04-21 13:19:31.5027|DEBUG|Microsoft.EntityFrameworkCore.Database.Transaction|Beginning transaction with isolation level 'Unspecified'. 
2025-04-21 13:19:31.5027|DEBUG|Microsoft.EntityFrameworkCore.Database.Transaction|Began transaction with isolation level 'Serializable'. 
2025-04-21 13:19:31.5027|DEBUG|Microsoft.EntityFrameworkCore.Database.Connection|Creating DbConnection. 
2025-04-21 13:19:31.5027|DEBUG|Microsoft.EntityFrameworkCore.Database.Connection|Created DbConnection. (0ms). 
2025-04-21 13:19:31.5027|DEBUG|Microsoft.EntityFrameworkCore.Database.Connection|Opening connection to database 'main' on server 'flightairline.db'. 
2025-04-21 13:19:31.5027|DEBUG|Microsoft.EntityFrameworkCore.Database.Connection|Opened connection to database 'main' on server 'C:\Users\Иван\source\repos\FlightAirline\flightairline.db'. 
2025-04-21 13:19:31.5027|DEBUG|Microsoft.EntityFrameworkCore.Database.Connection|Disposing connection to database 'main' on server 'flightairline.db'. 
2025-04-21 13:19:31.5027|DEBUG|Microsoft.EntityFrameworkCore.Database.Connection|Disposed connection to database 'main' on server 'flightairline.db' (0ms). 
2025-04-21 13:19:31.5027|DEBUG|Microsoft.EntityFrameworkCore.Database.Command|Creating DbCommand for 'ExecuteScalar'. 
2025-04-21 13:19:31.5027|DEBUG|Microsoft.EntityFrameworkCore.Database.Command|Created DbCommand for 'ExecuteScalar' (0ms). 
2025-04-21 13:19:31.5027|DEBUG|Microsoft.EntityFrameworkCore.Database.Command|Initialized DbCommand for 'ExecuteScalar' (0ms). 
2025-04-21 13:19:31.5027|DEBUG|Microsoft.EntityFrameworkCore.Database.Command|Executing DbCommand [Parameters=[], CommandType='Text', CommandTimeout='30']
SELECT COUNT(*) FROM "sqlite_master" WHERE "name" = '__EFMigrationsHistory' AND "type" = 'table'; 
2025-04-21 13:19:31.5027|INFO|Microsoft.EntityFrameworkCore.Database.Command|Executed DbCommand (0ms) [Parameters=[], CommandType='Text', CommandTimeout='30']
SELECT COUNT(*) FROM "sqlite_master" WHERE "name" = '__EFMigrationsHistory' AND "type" = 'table'; 
2025-04-21 13:19:31.5027|DEBUG|Microsoft.EntityFrameworkCore.Database.Command|Creating DbCommand for 'ExecuteReader'. 
2025-04-21 13:19:31.5027|DEBUG|Microsoft.EntityFrameworkCore.Database.Command|Created DbCommand for 'ExecuteReader' (0ms). 
2025-04-21 13:19:31.5027|DEBUG|Microsoft.EntityFrameworkCore.Database.Command|Initialized DbCommand for 'ExecuteReader' (0ms). 
2025-04-21 13:19:31.5027|DEBUG|Microsoft.EntityFrameworkCore.Database.Command|Executing DbCommand [Parameters=[], CommandType='Text', CommandTimeout='30']
SELECT "MigrationId", "ProductVersion"
FROM "__EFMigrationsHistory"
ORDER BY "MigrationId"; 
2025-04-21 13:19:31.5027|INFO|Microsoft.EntityFrameworkCore.Database.Command|Executed DbCommand (1ms) [Parameters=[], CommandType='Text', CommandTimeout='30']
SELECT "MigrationId", "ProductVersion"
FROM "__EFMigrationsHistory"
ORDER BY "MigrationId"; 
2025-04-21 13:19:31.5196|DEBUG|Microsoft.EntityFrameworkCore.Database.Command|Closing data reader to 'main' on server 'C:\Users\Иван\source\repos\FlightAirline\flightairline.db'. 
2025-04-21 13:19:31.5196|DEBUG|Microsoft.EntityFrameworkCore.Database.Command|A data reader for 'main' on server 'C:\Users\Иван\source\repos\FlightAirline\flightairline.db' is being disposed after spending 3ms reading results. 
2025-04-21 13:19:31.5196|INFO|Microsoft.EntityFrameworkCore.Migrations|No migrations were applied. The database is already up to date. 
2025-04-21 13:19:31.5196|DEBUG|Microsoft.EntityFrameworkCore.Database.Transaction|Committing transaction. 
2025-04-21 13:19:31.5196|DEBUG|Microsoft.EntityFrameworkCore.Database.Transaction|Committed transaction. 
2025-04-21 13:19:31.5196|DEBUG|Microsoft.EntityFrameworkCore.Database.Command|Creating DbCommand for 'ExecuteScalar'. 
2025-04-21 13:19:31.5196|DEBUG|Microsoft.EntityFrameworkCore.Database.Command|Created DbCommand for 'ExecuteScalar' (0ms). 
2025-04-21 13:19:31.5196|DEBUG|Microsoft.EntityFrameworkCore.Database.Command|Initialized DbCommand for 'ExecuteScalar' (0ms). 
2025-04-21 13:19:31.5196|DEBUG|Microsoft.EntityFrameworkCore.Database.Command|Executing DbCommand [Parameters=[], CommandType='Text', CommandTimeout='30']
DELETE FROM "__EFMigrationsLock"; 
2025-04-21 13:19:31.5196|INFO|Microsoft.EntityFrameworkCore.Database.Command|Executed DbCommand (2ms) [Parameters=[], CommandType='Text', CommandTimeout='30']
DELETE FROM "__EFMigrationsLock"; 
2025-04-21 13:19:31.5196|DEBUG|Microsoft.EntityFrameworkCore.Database.Transaction|Disposing transaction. 
2025-04-21 13:19:31.5196|DEBUG|Microsoft.EntityFrameworkCore.Database.Connection|Closing connection to database 'main' on server 'C:\Users\Иван\source\repos\FlightAirline\flightairline.db'. 
2025-04-21 13:19:31.5196|DEBUG|Microsoft.EntityFrameworkCore.Database.Connection|Closed connection to database 'main' on server 'flightairline.db' (3ms). 
2025-04-21 13:19:31.5356|DEBUG|Microsoft.EntityFrameworkCore.Infrastructure|'AirportScheduleContext' disposed. 
2025-04-21 13:19:31.5356|DEBUG|Microsoft.EntityFrameworkCore.Database.Connection|Disposing connection to database 'main' on server 'flightairline.db'. 
2025-04-21 13:19:31.5356|DEBUG|Microsoft.EntityFrameworkCore.Database.Connection|Disposed connection to database 'main' on server 'flightairline.db' (0ms). 
2025-04-21 13:19:31.5356|DEBUG|Microsoft.Extensions.Hosting.Internal.Host|Hosting starting 
2025-04-21 13:19:31.7663|INFO|Microsoft.Hosting.Lifetime|Now listening on: http://localhost:5263 
2025-04-21 13:19:31.7663|DEBUG|Microsoft.AspNetCore.Hosting.Diagnostics|Loaded hosting startup assembly FlightAirline 
2025-04-21 13:19:31.7663|DEBUG|Microsoft.AspNetCore.Hosting.Diagnostics|Loaded hosting startup assembly Microsoft.WebTools.ApiEndpointDiscovery 
2025-04-21 13:19:31.7663|DEBUG|Microsoft.AspNetCore.Hosting.Diagnostics|Loaded hosting startup assembly Microsoft.AspNetCore.Watch.BrowserRefresh 
2025-04-21 13:19:31.7663|DEBUG|Microsoft.AspNetCore.Hosting.Diagnostics|Loaded hosting startup assembly Microsoft.WebTools.BrowserLink.Net 
2025-04-21 13:19:31.8972|INFO|Microsoft.Hosting.Lifetime|Application started. Press Ctrl+C to shut down. 
2025-04-21 13:19:31.8972|INFO|Microsoft.Hosting.Lifetime|Hosting environment: Development 
2025-04-21 13:19:31.8972|INFO|Microsoft.Hosting.Lifetime|Content root path: C:\Users\Иван\source\repos\FlightAirline 
2025-04-21 13:19:31.8972|DEBUG|Microsoft.Extensions.Hosting.Internal.Host|Hosting started 
2025-04-21 13:19:31.8972|DEBUG|Microsoft.AspNetCore.Server.Kestrel.Transport.Sockets|Connection id "0HNC0NO0T1BKT" received FIN. 
2025-04-21 13:19:31.8972|DEBUG|Microsoft.AspNetCore.Server.Kestrel.Transport.Sockets|Connection id "0HNC0NO0T1BKS" received FIN. 
2025-04-21 13:19:31.9245|DEBUG|Microsoft.AspNetCore.Server.Kestrel.Connections|Connection id "0HNC0NO0T1BKS" accepted. 
2025-04-21 13:19:31.9245|DEBUG|Microsoft.AspNetCore.Server.Kestrel.Connections|Connection id "0HNC0NO0T1BKT" accepted. 
2025-04-21 13:19:31.9261|DEBUG|Microsoft.AspNetCore.Server.Kestrel.Connections|Connection id "0HNC0NO0T1BKT" started. 
2025-04-21 13:19:31.9261|DEBUG|Microsoft.AspNetCore.Server.Kestrel.Connections|Connection id "0HNC0NO0T1BKS" started. 
2025-04-21 13:19:31.9407|DEBUG|Microsoft.AspNetCore.Server.Kestrel.Transport.Sockets|Connection id "0HNC0NO0T1BKS" sending FIN because: "The Socket transport's send loop completed gracefully." 
2025-04-21 13:19:31.9407|DEBUG|Microsoft.AspNetCore.Server.Kestrel.Transport.Sockets|Connection id "0HNC0NO0T1BKT" sending FIN because: "The Socket transport's send loop completed gracefully." 
2025-04-21 13:19:31.9407|DEBUG|Microsoft.AspNetCore.Server.Kestrel.Connections|Connection id "0HNC0NO0T1BKS" disconnecting. 
2025-04-21 13:19:31.9407|DEBUG|Microsoft.AspNetCore.Server.Kestrel.Connections|Connection id "0HNC0NO0T1BKT" disconnecting. 
2025-04-21 13:19:31.9407|DEBUG|Microsoft.AspNetCore.Server.Kestrel.Connections|Connection id "0HNC0NO0T1BKS" stopped. 
2025-04-21 13:19:31.9407|DEBUG|Microsoft.AspNetCore.Server.Kestrel.Connections|Connection id "0HNC0NO0T1BKT" stopped. 
2025-04-21 13:19:33.8548|DEBUG|Microsoft.AspNetCore.Server.Kestrel.Connections|Connection id "0HNC0NO0T1BKU" accepted. 
2025-04-21 13:19:33.8548|DEBUG|Microsoft.AspNetCore.Server.Kestrel.Connections|Connection id "0HNC0NO0T1BKU" started. 
2025-04-21 13:19:33.8548|DEBUG|Microsoft.AspNetCore.Server.Kestrel.Connections|Connection id "0HNC0NO0T1BKV" accepted. 
2025-04-21 13:19:33.8548|DEBUG|Microsoft.AspNetCore.Server.Kestrel.Connections|Connection id "0HNC0NO0T1BKV" started. 
2025-04-21 13:19:33.9108|INFO|Microsoft.AspNetCore.Hosting.Diagnostics|Request starting HTTP/1.1 GET http://localhost:5263/swagger - - - 
2025-04-21 13:19:34.1240|DEBUG|Microsoft.AspNetCore.Server.Kestrel.Transport.Sockets|Connection id "0HNC0NO0T1BKV" received FIN. 
2025-04-21 13:19:34.1240|DEBUG|Microsoft.AspNetCore.Server.Kestrel.Transport.Sockets|Connection id "0HNC0NO0T1BKV" sending FIN because: "The Socket transport's send loop completed gracefully." 
2025-04-21 13:19:34.1240|DEBUG|Microsoft.AspNetCore.Server.Kestrel.Connections|Connection id "0HNC0NO0T1BKV" disconnecting. 
2025-04-21 13:19:34.1240|DEBUG|Microsoft.AspNetCore.Server.Kestrel.Connections|Connection id "0HNC0NO0T1BKV" stopped. 
2025-04-21 13:19:35.4390|DEBUG|Microsoft.AspNetCore.HostFiltering.HostFilteringMiddleware|Wildcard detected, all requests with hosts will be allowed. 
2025-04-21 13:19:35.4632|DEBUG|Microsoft.AspNetCore.Server.Kestrel.Connections|Connection id "0HNC0NO0T1BKU" completed keep alive response. 
2025-04-21 13:19:35.4632|DEBUG|Microsoft.AspNetCore.Server.Kestrel.Transport.Sockets|Connection id "0HNC0NO0T1BKU" received FIN. 
2025-04-21 13:19:35.4632|DEBUG|Microsoft.AspNetCore.Server.Kestrel.Transport.Sockets|Connection id "0HNC0NO0T1BKU" sending FIN because: "The Socket transport's send loop completed gracefully." 
2025-04-21 13:19:35.4632|DEBUG|Microsoft.AspNetCore.Server.Kestrel.Connections|Connection id "0HNC0NO0T1BKU" disconnecting. 
2025-04-21 13:19:35.4632|DEBUG|Microsoft.AspNetCore.Server.Kestrel.Connections|Connection id "0HNC0NO0T1BL0" accepted. 
2025-04-21 13:19:35.4632|INFO|Microsoft.AspNetCore.Hosting.Diagnostics|Request finished HTTP/1.1 GET http://localhost:5263/swagger - 301 0 - 1574.5685ms 
2025-04-21 13:19:35.4632|DEBUG|Microsoft.AspNetCore.Server.Kestrel.Connections|Connection id "0HNC0NO0T1BL0" started. 
2025-04-21 13:19:35.4632|INFO|Microsoft.AspNetCore.Hosting.Diagnostics|Request starting HTTP/1.1 GET http://localhost:5263/swagger/index.html - - - 
2025-04-21 13:19:35.4632|DEBUG|Microsoft.AspNetCore.Server.Kestrel.Connections|Connection id "0HNC0NO0T1BKU" stopped. 
2025-04-21 13:19:36.9112|DEBUG|Microsoft.AspNetCore.Watch.BrowserRefresh.BrowserRefreshMiddleware|Response markup is scheduled to include browser refresh script injection. 
2025-04-21 13:19:36.9251|DEBUG|Microsoft.AspNetCore.Watch.BrowserRefresh.BrowserRefreshMiddleware|Response markup was updated to include browser refresh script injection. 
2025-04-21 13:19:36.9251|DEBUG|Microsoft.AspNetCore.Server.Kestrel.Connections|Connection id "0HNC0NO0T1BL0" completed keep alive response. 
2025-04-21 13:19:36.9251|INFO|Microsoft.AspNetCore.Hosting.Diagnostics|Request finished HTTP/1.1 GET http://localhost:5263/swagger/index.html - 200 - text/html;charset=utf-8 1461.9463ms 
2025-04-21 13:19:36.9251|INFO|Microsoft.AspNetCore.Hosting.Diagnostics|Request starting HTTP/1.1 GET http://localhost:5263/swagger/swagger-ui.css - - - 
2025-04-21 13:19:36.9447|DEBUG|Microsoft.AspNetCore.Server.Kestrel.Connections|Connection id "0HNC0NO0T1BL1" accepted. 
2025-04-21 13:19:36.9447|DEBUG|Microsoft.AspNetCore.Server.Kestrel.Connections|Connection id "0HNC0NO0T1BL2" accepted. 
2025-04-21 13:19:36.9447|DEBUG|Microsoft.AspNetCore.Server.Kestrel.Connections|Connection id "0HNC0NO0T1BL1" started. 
2025-04-21 13:19:36.9447|DEBUG|Microsoft.AspNetCore.Server.Kestrel.Connections|Connection id "0HNC0NO0T1BL2" started. 
2025-04-21 13:19:36.9447|DEBUG|Microsoft.AspNetCore.Server.Kestrel.Connections|Connection id "0HNC0NO0T1BL3" accepted. 
2025-04-21 13:19:36.9447|INFO|Microsoft.AspNetCore.Hosting.Diagnostics|Request starting HTTP/1.1 GET http://localhost:5263/swagger/index.css - - - 
2025-04-21 13:19:36.9447|INFO|Microsoft.AspNetCore.Hosting.Diagnostics|Request starting HTTP/1.1 GET http://localhost:5263/swagger/swagger-ui-bundle.js - - - 
2025-04-21 13:19:36.9447|DEBUG|Microsoft.AspNetCore.Server.Kestrel.Connections|Connection id "0HNC0NO0T1BL3" started. 
2025-04-21 13:19:36.9563|DEBUG|Microsoft.AspNetCore.Server.Kestrel.Connections|Connection id "0HNC0NO0T1BL4" accepted. 
2025-04-21 13:19:36.9563|INFO|Microsoft.AspNetCore.Hosting.Diagnostics|Request starting HTTP/1.1 GET http://localhost:5263/swagger/swagger-ui-standalone-preset.js - - - 
2025-04-21 13:19:36.9563|DEBUG|Microsoft.AspNetCore.Server.Kestrel.Connections|Connection id "0HNC0NO0T1BL4" started. 
2025-04-21 13:19:36.9563|INFO|Microsoft.AspNetCore.Hosting.Diagnostics|Request starting HTTP/1.1 GET http://localhost:5263/swagger/index.js - - - 
2025-04-21 13:19:36.9563|DEBUG|Microsoft.AspNetCore.Server.Kestrel.Connections|Connection id "0HNC0NO0T1BL5" accepted. 
2025-04-21 13:19:36.9563|DEBUG|Microsoft.AspNetCore.Server.Kestrel.Connections|Connection id "0HNC0NO0T1BL5" started. 
2025-04-21 13:19:36.9563|INFO|Microsoft.AspNetCore.Hosting.Diagnostics|Request starting HTTP/1.1 GET http://localhost:5263/_framework/aspnetcore-browser-refresh.js - - - 
2025-04-21 13:19:36.9715|DEBUG|Microsoft.AspNetCore.Server.Kestrel.Connections|Connection id "0HNC0NO0T1BL4" completed keep alive response. 
2025-04-21 13:19:36.9715|INFO|Microsoft.AspNetCore.Hosting.Diagnostics|Request finished HTTP/1.1 GET http://localhost:5263/swagger/index.js - 200 - application/javascript;charset=utf-8 11.8320ms 
2025-04-21 13:19:36.9715|DEBUG|Microsoft.AspNetCore.Server.Kestrel.Connections|Connection id "0HNC0NO0T1BL5" completed keep alive response. 
2025-04-21 13:19:36.9715|INFO|Microsoft.AspNetCore.StaticFiles.StaticFileMiddleware|Sending file. Request path: '/index.css'. Physical path: 'N/A' 
2025-04-21 13:19:36.9715|INFO|Microsoft.AspNetCore.Hosting.Diagnostics|Request finished HTTP/1.1 GET http://localhost:5263/_framework/aspnetcore-browser-refresh.js - 200 13762 application/javascript;+charset=utf-8 5.6739ms 
2025-04-21 13:19:36.9715|DEBUG|Microsoft.AspNetCore.Server.Kestrel.Connections|Connection id "0HNC0NO0T1BL1" completed keep alive response. 
2025-04-21 13:19:36.9715|INFO|Microsoft.AspNetCore.Hosting.Diagnostics|Request finished HTTP/1.1 GET http://localhost:5263/swagger/index.css - 200 202 text/css 28.4866ms 
2025-04-21 13:19:37.0128|INFO|Microsoft.AspNetCore.StaticFiles.StaticFileMiddleware|Sending file. Request path: '/swagger-ui-standalone-preset.js'. Physical path: 'N/A' 
2025-04-21 13:19:37.0128|INFO|Microsoft.AspNetCore.StaticFiles.StaticFileMiddleware|Sending file. Request path: '/swagger-ui.css'. Physical path: 'N/A' 
2025-04-21 13:19:37.0237|DEBUG|Microsoft.AspNetCore.Server.Kestrel.Connections|Connection id "0HNC0NO0T1BL3" completed keep alive response. 
2025-04-21 13:19:37.0237|DEBUG|Microsoft.AspNetCore.Server.Kestrel.Connections|Connection id "0HNC0NO0T1BL0" completed keep alive response. 
2025-04-21 13:19:37.0237|INFO|Microsoft.AspNetCore.Hosting.Diagnostics|Request finished HTTP/1.1 GET http://localhost:5263/swagger/swagger-ui-standalone-preset.js - 200 229223 text/javascript 68.6908ms 
2025-04-21 13:19:37.0237|INFO|Microsoft.AspNetCore.Hosting.Diagnostics|Request finished HTTP/1.1 GET http://localhost:5263/swagger/swagger-ui.css - 200 154948 text/css 90.2183ms 
2025-04-21 13:19:37.0511|INFO|Microsoft.AspNetCore.StaticFiles.StaticFileMiddleware|Sending file. Request path: '/swagger-ui-bundle.js'. Physical path: 'N/A' 
2025-04-21 13:19:37.0511|DEBUG|Microsoft.AspNetCore.Server.Kestrel.Connections|Connection id "0HNC0NO0T1BL2" completed keep alive response. 
2025-04-21 13:19:37.0511|INFO|Microsoft.AspNetCore.Hosting.Diagnostics|Request finished HTTP/1.1 GET http://localhost:5263/swagger/swagger-ui-bundle.js - 200 1466741 text/javascript 100.9328ms 
2025-04-21 13:19:38.5468|INFO|Microsoft.AspNetCore.Hosting.Diagnostics|Request starting HTTP/1.1 GET http://localhost:5263/swagger/favicon-32x32.png - - - 
2025-04-21 13:19:38.5468|INFO|Microsoft.AspNetCore.StaticFiles.StaticFileMiddleware|Sending file. Request path: '/favicon-32x32.png'. Physical path: 'N/A' 
2025-04-21 13:19:38.5468|DEBUG|Microsoft.AspNetCore.Server.Kestrel.Connections|Connection id "0HNC0NO0T1BL2" completed keep alive response. 
2025-04-21 13:19:38.5468|INFO|Microsoft.AspNetCore.Hosting.Diagnostics|Request finished HTTP/1.1 GET http://localhost:5263/swagger/favicon-32x32.png - 200 628 image/png 2.2267ms 
2025-04-21 13:19:38.6562|INFO|Microsoft.AspNetCore.Hosting.Diagnostics|Request starting HTTP/1.1 GET http://localhost:5263/swagger/v1/swagger.json - - - 
2025-04-21 13:19:38.7043|DEBUG|Microsoft.AspNetCore.Server.Kestrel.Connections|Connection id "0HNC0NO0T1BL2" completed keep alive response. 
2025-04-21 13:19:38.7043|INFO|Microsoft.AspNetCore.Hosting.Diagnostics|Request finished HTTP/1.1 GET http://localhost:5263/swagger/v1/swagger.json - 200 - application/json;charset=utf-8 48.5982ms 
2025-04-21 13:19:38.8114|DEBUG|Microsoft.AspNetCore.Server.Kestrel.Transport.Sockets|Connection id "0HNC0NO0T1BL4" received FIN. 
2025-04-21 13:19:38.8114|DEBUG|Microsoft.AspNetCore.Server.Kestrel.Transport.Sockets|Connection id "0HNC0NO0T1BL5" received FIN. 
2025-04-21 13:19:38.8114|DEBUG|Microsoft.AspNetCore.Server.Kestrel.Transport.Sockets|Connection id "0HNC0NO0T1BL0" received FIN. 
2025-04-21 13:19:38.8114|DEBUG|Microsoft.AspNetCore.Server.Kestrel.Transport.Sockets|Connection id "0HNC0NO0T1BL1" received FIN. 
2025-04-21 13:19:38.8114|DEBUG|Microsoft.AspNetCore.Server.Kestrel.Transport.Sockets|Connection id "0HNC0NO0T1BL3" received FIN. 
2025-04-21 13:19:38.8114|DEBUG|Microsoft.AspNetCore.Server.Kestrel.Transport.Sockets|Connection id "0HNC0NO0T1BL4" sending FIN because: "The Socket transport's send loop completed gracefully." 
2025-04-21 13:19:38.8114|DEBUG|Microsoft.AspNetCore.Server.Kestrel.Transport.Sockets|Connection id "0HNC0NO0T1BL2" received FIN. 
2025-04-21 13:19:38.8114|DEBUG|Microsoft.AspNetCore.Server.Kestrel.Connections|Connection id "0HNC0NO0T1BL5" disconnecting. 
2025-04-21 13:19:38.8114|DEBUG|Microsoft.AspNetCore.Server.Kestrel.Transport.Sockets|Connection id "0HNC0NO0T1BL0" sending FIN because: "The Socket transport's send loop completed gracefully." 
2025-04-21 13:19:38.8114|DEBUG|Microsoft.AspNetCore.Server.Kestrel.Connections|Connection id "0HNC0NO0T1BL1" disconnecting. 
2025-04-21 13:19:38.8114|DEBUG|Microsoft.AspNetCore.Server.Kestrel.Connections|Connection id "0HNC0NO0T1BL1" stopped. 
2025-04-21 13:19:38.8152|DEBUG|Microsoft.AspNetCore.Server.Kestrel.Connections|Connection id "0HNC0NO0T1BL0" disconnecting. 
2025-04-21 13:19:38.8152|DEBUG|Microsoft.AspNetCore.Server.Kestrel.Transport.Sockets|Connection id "0HNC0NO0T1BL5" sending FIN because: "The Socket transport's send loop completed gracefully." 
2025-04-21 13:19:38.8152|DEBUG|Microsoft.AspNetCore.Server.Kestrel.Connections|Connection id "0HNC0NO0T1BL4" disconnecting. 
2025-04-21 13:19:38.8152|DEBUG|Microsoft.AspNetCore.Server.Kestrel.Connections|Connection id "0HNC0NO0T1BL2" disconnecting. 
2025-04-21 13:19:38.8152|DEBUG|Microsoft.AspNetCore.Server.Kestrel.Transport.Sockets|Connection id "0HNC0NO0T1BL2" sending FIN because: "The Socket transport's send loop completed gracefully." 
2025-04-21 13:19:38.8152|DEBUG|Microsoft.AspNetCore.Server.Kestrel.Transport.Sockets|Connection id "0HNC0NO0T1BL1" sending FIN because: "The Socket transport's send loop completed gracefully." 
2025-04-21 13:19:38.8152|DEBUG|Microsoft.AspNetCore.Server.Kestrel.Connections|Connection id "0HNC0NO0T1BL3" disconnecting. 
2025-04-21 13:19:38.8152|DEBUG|Microsoft.AspNetCore.Server.Kestrel.Connections|Connection id "0HNC0NO0T1BL4" stopped. 
2025-04-21 13:19:38.8152|DEBUG|Microsoft.AspNetCore.Server.Kestrel.Connections|Connection id "0HNC0NO0T1BL3" stopped. 
2025-04-21 13:19:38.8152|DEBUG|Microsoft.AspNetCore.Server.Kestrel.Transport.Sockets|Connection id "0HNC0NO0T1BL3" sending FIN because: "The Socket transport's send loop completed gracefully." 
2025-04-21 13:19:38.8152|DEBUG|Microsoft.AspNetCore.Server.Kestrel.Connections|Connection id "0HNC0NO0T1BL5" stopped. 
2025-04-21 13:19:38.8152|DEBUG|Microsoft.AspNetCore.Server.Kestrel.Connections|Connection id "0HNC0NO0T1BL2" stopped. 
2025-04-21 13:19:38.8336|DEBUG|Microsoft.AspNetCore.Server.Kestrel.Connections|Connection id "0HNC0NO0T1BL0" stopped. 
2025-04-21 16:45:29.0895|DEBUG|Microsoft.AspNetCore.Mvc.ModelBinding.ModelBinderFactory|Registered model binder providers, in the following order: Microsoft.AspNetCore.Mvc.ModelBinding.Binders.BinderTypeModelBinderProvider, Microsoft.AspNetCore.Mvc.ModelBinding.Binders.ServicesModelBinderProvider, Microsoft.AspNetCore.Mvc.ModelBinding.Binders.BodyModelBinderProvider, Microsoft.AspNetCore.Mvc.ModelBinding.Binders.HeaderModelBinderProvider, Microsoft.AspNetCore.Mvc.ModelBinding.Binders.FloatingPointTypeModelBinderProvider, Microsoft.AspNetCore.Mvc.ModelBinding.Binders.EnumTypeModelBinderProvider, Microsoft.AspNetCore.Mvc.ModelBinding.Binders.DateTimeModelBinderProvider, Microsoft.AspNetCore.Mvc.ModelBinding.Binders.SimpleTypeModelBinderProvider, Microsoft.AspNetCore.Mvc.ModelBinding.Binders.TryParseModelBinderProvider, Microsoft.AspNetCore.Mvc.ModelBinding.Binders.CancellationTokenModelBinderProvider, Microsoft.AspNetCore.Mvc.ModelBinding.Binders.ByteArrayModelBinderProvider, Microsoft.AspNetCore.Mvc.ModelBinding.Binders.FormFileModelBinderProvider, Microsoft.AspNetCore.Mvc.ModelBinding.Binders.FormCollectionModelBinderProvider, Microsoft.AspNetCore.Mvc.ModelBinding.Binders.KeyValuePairModelBinderProvider, Microsoft.AspNetCore.Mvc.ModelBinding.Binders.DictionaryModelBinderProvider, Microsoft.AspNetCore.Mvc.ModelBinding.Binders.ArrayModelBinderProvider, Microsoft.AspNetCore.Mvc.ModelBinding.Binders.CollectionModelBinderProvider, Microsoft.AspNetCore.Mvc.ModelBinding.Binders.ComplexObjectModelBinderProvider 
2025-04-21 16:45:29.4127|DEBUG|Microsoft.EntityFrameworkCore.Infrastructure|An 'IServiceProvider' was created for internal use by Entity Framework. 
2025-04-21 16:45:29.9023|DEBUG|Microsoft.EntityFrameworkCore.Model|No relationship from 'Airport' to 'Flight' has been configured by convention because there are multiple properties on one entity type - {'Arrivals', 'Departures'} that could be matched with the properties on the other entity type - {'ArrivalAirport', 'DepartureAirport'}. This message can be disregarded if explicit configuration has been specified in 'OnModelCreating'. 
2025-04-21 16:45:29.9198|DEBUG|Microsoft.EntityFrameworkCore.Model|No relationship from 'Flight' to 'Airport' has been configured by convention because there are multiple properties on one entity type - {'ArrivalAirport', 'DepartureAirport'} that could be matched with the properties on the other entity type - {'Arrivals', 'Departures'}. This message can be disregarded if explicit configuration has been specified in 'OnModelCreating'. 
2025-04-21 16:45:30.0380|DEBUG|Microsoft.EntityFrameworkCore.Model|No relationship from 'Flight' to 'Airport' has been configured by convention because there are multiple properties on one entity type - {'ArrivalAirport', 'DepartureAirport'} that could be matched with the properties on the other entity type - {'Arrivals', 'Departures'}. This message can be disregarded if explicit configuration has been specified in 'OnModelCreating'. 
2025-04-21 16:45:30.0380|DEBUG|Microsoft.EntityFrameworkCore.Model|No relationship from 'Airport' to 'Flight' has been configured by convention because there are multiple properties on one entity type - {'Arrivals', 'Departures'} that could be matched with the properties on the other entity type - {'ArrivalAirport', 'DepartureAirport'}. This message can be disregarded if explicit configuration has been specified in 'OnModelCreating'. 
2025-04-21 16:45:30.2156|DEBUG|Microsoft.EntityFrameworkCore.Infrastructure|Entity Framework Core 9.0.3 initialized 'AirportScheduleContext' using provider 'Microsoft.EntityFrameworkCore.Sqlite:9.0.3' with options: None 
2025-04-21 16:45:30.3114|DEBUG|Microsoft.EntityFrameworkCore.Database.Connection|Creating DbConnection. 
2025-04-21 16:45:30.3274|DEBUG|Microsoft.EntityFrameworkCore.Database.Connection|Created DbConnection. (13ms). 
2025-04-21 16:45:30.3274|DEBUG|Microsoft.EntityFrameworkCore.Migrations|Migrating using database 'main' on server 'flightairline.db'. 
2025-04-21 16:45:30.3375|DEBUG|Microsoft.EntityFrameworkCore.Database.Connection|Creating DbConnection. 
2025-04-21 16:45:30.3375|DEBUG|Microsoft.EntityFrameworkCore.Database.Connection|Created DbConnection. (1ms). 
2025-04-21 16:45:30.3375|DEBUG|Microsoft.EntityFrameworkCore.Database.Connection|Opening connection to database 'main' on server 'flightairline.db'. 
2025-04-21 16:45:30.3588|DEBUG|Microsoft.EntityFrameworkCore.Database.Connection|Opened connection to database 'main' on server 'C:\Users\Иван\source\repos\FlightAirline\flightairline.db'. 
2025-04-21 16:45:30.3630|DEBUG|Microsoft.EntityFrameworkCore.Database.Connection|Disposing connection to database 'main' on server 'flightairline.db'. 
2025-04-21 16:45:30.3630|DEBUG|Microsoft.EntityFrameworkCore.Database.Connection|Disposed connection to database 'main' on server 'flightairline.db' (1ms). 
2025-04-21 16:45:30.3630|DEBUG|Microsoft.EntityFrameworkCore.Database.Connection|Opening connection to database 'main' on server 'flightairline.db'. 
2025-04-21 16:45:30.3630|DEBUG|Microsoft.EntityFrameworkCore.Database.Connection|Opened connection to database 'main' on server 'C:\Users\Иван\source\repos\FlightAirline\flightairline.db'. 
2025-04-21 16:45:30.3630|INFO|Microsoft.EntityFrameworkCore.Migrations|Acquiring an exclusive lock for migration application. See https://aka.ms/efcore-docs-migrations-lock for more information if this takes too long. 
2025-04-21 16:45:30.3630|DEBUG|Microsoft.EntityFrameworkCore.Database.Command|Creating DbCommand for 'ExecuteScalar'. 
2025-04-21 16:45:30.3828|DEBUG|Microsoft.EntityFrameworkCore.Database.Command|Created DbCommand for 'ExecuteScalar' (3ms). 
2025-04-21 16:45:30.3828|DEBUG|Microsoft.EntityFrameworkCore.Database.Command|Initialized DbCommand for 'ExecuteScalar' (7ms). 
2025-04-21 16:45:30.3828|DEBUG|Microsoft.EntityFrameworkCore.Database.Command|Executing DbCommand [Parameters=[], CommandType='Text', CommandTimeout='30']
SELECT COUNT(*) FROM "sqlite_master" WHERE "name" = '__EFMigrationsLock' AND "type" = 'table'; 
2025-04-21 16:45:30.4305|INFO|Microsoft.EntityFrameworkCore.Database.Command|Executed DbCommand (39ms) [Parameters=[], CommandType='Text', CommandTimeout='30']
SELECT COUNT(*) FROM "sqlite_master" WHERE "name" = '__EFMigrationsLock' AND "type" = 'table'; 
2025-04-21 16:45:30.4305|DEBUG|Microsoft.EntityFrameworkCore.Database.Command|Creating DbCommand for 'ExecuteScalar'. 
2025-04-21 16:45:30.4305|DEBUG|Microsoft.EntityFrameworkCore.Database.Command|Created DbCommand for 'ExecuteScalar' (0ms). 
2025-04-21 16:45:30.4305|DEBUG|Microsoft.EntityFrameworkCore.Database.Command|Initialized DbCommand for 'ExecuteScalar' (0ms). 
2025-04-21 16:45:30.4305|DEBUG|Microsoft.EntityFrameworkCore.Database.Command|Executing DbCommand [Parameters=[], CommandType='Text', CommandTimeout='30']
INSERT OR IGNORE INTO "__EFMigrationsLock"("Id", "Timestamp") VALUES(1, '2025-04-21 13:45:30.4330521+00:00');
SELECT changes(); 
2025-04-21 16:45:30.4411|INFO|Microsoft.EntityFrameworkCore.Database.Command|Executed DbCommand (3ms) [Parameters=[], CommandType='Text', CommandTimeout='30']
INSERT OR IGNORE INTO "__EFMigrationsLock"("Id", "Timestamp") VALUES(1, '2025-04-21 13:45:30.4330521+00:00');
SELECT changes(); 
2025-04-21 16:45:30.4914|DEBUG|Microsoft.EntityFrameworkCore.Database.Transaction|Beginning transaction with isolation level 'Unspecified'. 
2025-04-21 16:45:30.4914|DEBUG|Microsoft.EntityFrameworkCore.Database.Transaction|Began transaction with isolation level 'Serializable'. 
2025-04-21 16:45:30.4914|DEBUG|Microsoft.EntityFrameworkCore.Database.Command|Creating DbCommand for 'ExecuteNonQuery'. 
2025-04-21 16:45:30.4914|DEBUG|Microsoft.EntityFrameworkCore.Database.Command|Created DbCommand for 'ExecuteNonQuery' (0ms). 
2025-04-21 16:45:30.4914|DEBUG|Microsoft.EntityFrameworkCore.Database.Command|Initialized DbCommand for 'ExecuteNonQuery' (1ms). 
2025-04-21 16:45:30.4914|DEBUG|Microsoft.EntityFrameworkCore.Database.Command|Executing DbCommand [Parameters=[], CommandType='Text', CommandTimeout='30']
CREATE TABLE IF NOT EXISTS "__EFMigrationsHistory" (
    "MigrationId" TEXT NOT NULL CONSTRAINT "PK___EFMigrationsHistory" PRIMARY KEY,
    "ProductVersion" TEXT NOT NULL
); 
2025-04-21 16:45:30.4914|INFO|Microsoft.EntityFrameworkCore.Database.Command|Executed DbCommand (1ms) [Parameters=[], CommandType='Text', CommandTimeout='30']
CREATE TABLE IF NOT EXISTS "__EFMigrationsHistory" (
    "MigrationId" TEXT NOT NULL CONSTRAINT "PK___EFMigrationsHistory" PRIMARY KEY,
    "ProductVersion" TEXT NOT NULL
); 
2025-04-21 16:45:30.4914|DEBUG|Microsoft.EntityFrameworkCore.Database.Transaction|Committing transaction. 
2025-04-21 16:45:30.4914|DEBUG|Microsoft.EntityFrameworkCore.Database.Transaction|Committed transaction. 
2025-04-21 16:45:30.4914|DEBUG|Microsoft.EntityFrameworkCore.Database.Transaction|Disposing transaction. 
2025-04-21 16:45:30.5035|DEBUG|Microsoft.EntityFrameworkCore.Database.Transaction|Beginning transaction with isolation level 'Unspecified'. 
2025-04-21 16:45:30.5035|DEBUG|Microsoft.EntityFrameworkCore.Database.Transaction|Began transaction with isolation level 'Serializable'. 
2025-04-21 16:45:30.5035|DEBUG|Microsoft.EntityFrameworkCore.Database.Connection|Creating DbConnection. 
2025-04-21 16:45:30.5035|DEBUG|Microsoft.EntityFrameworkCore.Database.Connection|Created DbConnection. (0ms). 
2025-04-21 16:45:30.5035|DEBUG|Microsoft.EntityFrameworkCore.Database.Connection|Opening connection to database 'main' on server 'flightairline.db'. 
2025-04-21 16:45:30.5035|DEBUG|Microsoft.EntityFrameworkCore.Database.Connection|Opened connection to database 'main' on server 'C:\Users\Иван\source\repos\FlightAirline\flightairline.db'. 
2025-04-21 16:45:30.5035|DEBUG|Microsoft.EntityFrameworkCore.Database.Connection|Disposing connection to database 'main' on server 'flightairline.db'. 
2025-04-21 16:45:30.5035|DEBUG|Microsoft.EntityFrameworkCore.Database.Connection|Disposed connection to database 'main' on server 'flightairline.db' (0ms). 
2025-04-21 16:45:30.5035|DEBUG|Microsoft.EntityFrameworkCore.Database.Command|Creating DbCommand for 'ExecuteScalar'. 
2025-04-21 16:45:30.5035|DEBUG|Microsoft.EntityFrameworkCore.Database.Command|Created DbCommand for 'ExecuteScalar' (0ms). 
2025-04-21 16:45:30.5035|DEBUG|Microsoft.EntityFrameworkCore.Database.Command|Initialized DbCommand for 'ExecuteScalar' (0ms). 
2025-04-21 16:45:30.5035|DEBUG|Microsoft.EntityFrameworkCore.Database.Command|Executing DbCommand [Parameters=[], CommandType='Text', CommandTimeout='30']
SELECT COUNT(*) FROM "sqlite_master" WHERE "name" = '__EFMigrationsHistory' AND "type" = 'table'; 
2025-04-21 16:45:30.5035|INFO|Microsoft.EntityFrameworkCore.Database.Command|Executed DbCommand (0ms) [Parameters=[], CommandType='Text', CommandTimeout='30']
SELECT COUNT(*) FROM "sqlite_master" WHERE "name" = '__EFMigrationsHistory' AND "type" = 'table'; 
2025-04-21 16:45:30.5035|DEBUG|Microsoft.EntityFrameworkCore.Database.Command|Creating DbCommand for 'ExecuteReader'. 
2025-04-21 16:45:30.5035|DEBUG|Microsoft.EntityFrameworkCore.Database.Command|Created DbCommand for 'ExecuteReader' (0ms). 
2025-04-21 16:45:30.5035|DEBUG|Microsoft.EntityFrameworkCore.Database.Command|Initialized DbCommand for 'ExecuteReader' (0ms). 
2025-04-21 16:45:30.5035|DEBUG|Microsoft.EntityFrameworkCore.Database.Command|Executing DbCommand [Parameters=[], CommandType='Text', CommandTimeout='30']
SELECT "MigrationId", "ProductVersion"
FROM "__EFMigrationsHistory"
ORDER BY "MigrationId"; 
2025-04-21 16:45:30.5035|INFO|Microsoft.EntityFrameworkCore.Database.Command|Executed DbCommand (1ms) [Parameters=[], CommandType='Text', CommandTimeout='30']
SELECT "MigrationId", "ProductVersion"
FROM "__EFMigrationsHistory"
ORDER BY "MigrationId"; 
2025-04-21 16:45:30.5035|DEBUG|Microsoft.EntityFrameworkCore.Database.Command|Closing data reader to 'main' on server 'C:\Users\Иван\source\repos\FlightAirline\flightairline.db'. 
2025-04-21 16:45:30.5035|DEBUG|Microsoft.EntityFrameworkCore.Database.Command|A data reader for 'main' on server 'C:\Users\Иван\source\repos\FlightAirline\flightairline.db' is being disposed after spending 2ms reading results. 
2025-04-21 16:45:30.5035|INFO|Microsoft.EntityFrameworkCore.Migrations|No migrations were applied. The database is already up to date. 
2025-04-21 16:45:30.5192|DEBUG|Microsoft.EntityFrameworkCore.Database.Transaction|Committing transaction. 
2025-04-21 16:45:30.5192|DEBUG|Microsoft.EntityFrameworkCore.Database.Transaction|Committed transaction. 
2025-04-21 16:45:30.5192|DEBUG|Microsoft.EntityFrameworkCore.Database.Command|Creating DbCommand for 'ExecuteScalar'. 
2025-04-21 16:45:30.5192|DEBUG|Microsoft.EntityFrameworkCore.Database.Command|Created DbCommand for 'ExecuteScalar' (0ms). 
2025-04-21 16:45:30.5192|DEBUG|Microsoft.EntityFrameworkCore.Database.Command|Initialized DbCommand for 'ExecuteScalar' (0ms). 
2025-04-21 16:45:30.5192|DEBUG|Microsoft.EntityFrameworkCore.Database.Command|Executing DbCommand [Parameters=[], CommandType='Text', CommandTimeout='30']
DELETE FROM "__EFMigrationsLock"; 
2025-04-21 16:45:30.5192|INFO|Microsoft.EntityFrameworkCore.Database.Command|Executed DbCommand (2ms) [Parameters=[], CommandType='Text', CommandTimeout='30']
DELETE FROM "__EFMigrationsLock"; 
2025-04-21 16:45:30.5192|DEBUG|Microsoft.EntityFrameworkCore.Database.Transaction|Disposing transaction. 
2025-04-21 16:45:30.5192|DEBUG|Microsoft.EntityFrameworkCore.Database.Connection|Closing connection to database 'main' on server 'C:\Users\Иван\source\repos\FlightAirline\flightairline.db'. 
2025-04-21 16:45:30.5192|DEBUG|Microsoft.EntityFrameworkCore.Database.Connection|Closed connection to database 'main' on server 'flightairline.db' (2ms). 
2025-04-21 16:45:30.5192|DEBUG|Microsoft.EntityFrameworkCore.Infrastructure|'AirportScheduleContext' disposed. 
2025-04-21 16:45:30.5192|DEBUG|Microsoft.EntityFrameworkCore.Database.Connection|Disposing connection to database 'main' on server 'flightairline.db'. 
2025-04-21 16:45:30.5192|DEBUG|Microsoft.EntityFrameworkCore.Database.Connection|Disposed connection to database 'main' on server 'flightairline.db' (0ms). 
2025-04-21 16:45:30.5192|DEBUG|Microsoft.Extensions.Hosting.Internal.Host|Hosting starting 
2025-04-21 16:45:30.7630|INFO|Microsoft.Hosting.Lifetime|Now listening on: http://localhost:5263 
2025-04-21 16:45:30.7630|DEBUG|Microsoft.AspNetCore.Hosting.Diagnostics|Loaded hosting startup assembly FlightAirline 
2025-04-21 16:45:30.7630|DEBUG|Microsoft.AspNetCore.Hosting.Diagnostics|Loaded hosting startup assembly Microsoft.WebTools.ApiEndpointDiscovery 
2025-04-21 16:45:30.7630|DEBUG|Microsoft.AspNetCore.Hosting.Diagnostics|Loaded hosting startup assembly Microsoft.AspNetCore.Watch.BrowserRefresh 
2025-04-21 16:45:30.7630|DEBUG|Microsoft.AspNetCore.Hosting.Diagnostics|Loaded hosting startup assembly Microsoft.WebTools.BrowserLink.Net 
2025-04-21 16:45:30.9755|INFO|Microsoft.Hosting.Lifetime|Application started. Press Ctrl+C to shut down. 
2025-04-21 16:45:30.9755|INFO|Microsoft.Hosting.Lifetime|Hosting environment: Development 
2025-04-21 16:45:30.9755|INFO|Microsoft.Hosting.Lifetime|Content root path: C:\Users\Иван\source\repos\FlightAirline 
2025-04-21 16:45:30.9755|DEBUG|Microsoft.Extensions.Hosting.Internal.Host|Hosting started 
2025-04-21 16:45:31.1888|DEBUG|Microsoft.AspNetCore.Server.Kestrel.Connections|Connection id "0HNC0RB48AKND" accepted. 
2025-04-21 16:45:31.1888|DEBUG|Microsoft.AspNetCore.Server.Kestrel.Connections|Connection id "0HNC0RB48AKND" started. 
2025-04-21 16:45:31.1941|DEBUG|Microsoft.AspNetCore.Server.Kestrel.Connections|Connection id "0HNC0RB48AKNE" accepted. 
2025-04-21 16:45:31.1941|DEBUG|Microsoft.AspNetCore.Server.Kestrel.Connections|Connection id "0HNC0RB48AKNE" started. 
2025-04-21 16:45:31.2137|DEBUG|Microsoft.AspNetCore.Server.Kestrel.Transport.Sockets|Connection id "0HNC0RB48AKNE" received FIN. 
2025-04-21 16:45:31.2137|DEBUG|Microsoft.AspNetCore.Server.Kestrel.Transport.Sockets|Connection id "0HNC0RB48AKND" received FIN. 
2025-04-21 16:45:31.2137|DEBUG|Microsoft.AspNetCore.Server.Kestrel.Transport.Sockets|Connection id "0HNC0RB48AKNE" sending FIN because: "The Socket transport's send loop completed gracefully." 
2025-04-21 16:45:31.2137|DEBUG|Microsoft.AspNetCore.Server.Kestrel.Transport.Sockets|Connection id "0HNC0RB48AKND" sending FIN because: "The Socket transport's send loop completed gracefully." 
2025-04-21 16:45:31.2262|DEBUG|Microsoft.AspNetCore.Server.Kestrel.Connections|Connection id "0HNC0RB48AKND" disconnecting. 
2025-04-21 16:45:31.2262|DEBUG|Microsoft.AspNetCore.Server.Kestrel.Connections|Connection id "0HNC0RB48AKNE" disconnecting. 
2025-04-21 16:45:31.2497|DEBUG|Microsoft.AspNetCore.Server.Kestrel.Connections|Connection id "0HNC0RB48AKNE" stopped. 
2025-04-21 16:45:31.2497|DEBUG|Microsoft.AspNetCore.Server.Kestrel.Connections|Connection id "0HNC0RB48AKND" stopped. 
2025-04-21 16:45:31.7604|DEBUG|Microsoft.AspNetCore.Server.Kestrel.Connections|Connection id "0HNC0RB48AKNF" accepted. 
2025-04-21 16:45:31.7604|DEBUG|Microsoft.AspNetCore.Server.Kestrel.Connections|Connection id "0HNC0RB48AKNF" started. 
2025-04-21 16:45:31.7604|DEBUG|Microsoft.AspNetCore.Server.Kestrel.Connections|Connection id "0HNC0RB48AKNG" accepted. 
2025-04-21 16:45:31.7604|DEBUG|Microsoft.AspNetCore.Server.Kestrel.Connections|Connection id "0HNC0RB48AKNG" started. 
2025-04-21 16:45:31.8118|INFO|Microsoft.AspNetCore.Hosting.Diagnostics|Request starting HTTP/1.1 GET http://localhost:5263/swagger - - - 
2025-04-21 16:45:33.4337|DEBUG|Microsoft.AspNetCore.HostFiltering.HostFilteringMiddleware|Wildcard detected, all requests with hosts will be allowed. 
2025-04-21 16:45:33.4552|DEBUG|Microsoft.AspNetCore.Server.Kestrel.Connections|Connection id "0HNC0RB48AKNF" completed keep alive response. 
2025-04-21 16:45:33.4582|INFO|Microsoft.AspNetCore.Hosting.Diagnostics|Request finished HTTP/1.1 GET http://localhost:5263/swagger - 301 0 - 1659.0999ms 
2025-04-21 16:45:33.4582|INFO|Microsoft.AspNetCore.Hosting.Diagnostics|Request starting HTTP/1.1 GET http://localhost:5263/swagger/index.html - - - 
2025-04-21 16:45:34.9168|DEBUG|Microsoft.AspNetCore.Watch.BrowserRefresh.BrowserRefreshMiddleware|Response markup is scheduled to include browser refresh script injection. 
2025-04-21 16:45:34.9258|DEBUG|Microsoft.AspNetCore.Watch.BrowserRefresh.BrowserRefreshMiddleware|Response markup was updated to include browser refresh script injection. 
2025-04-21 16:45:34.9258|DEBUG|Microsoft.AspNetCore.Server.Kestrel.Connections|Connection id "0HNC0RB48AKNF" completed keep alive response. 
2025-04-21 16:45:34.9258|INFO|Microsoft.AspNetCore.Hosting.Diagnostics|Request finished HTTP/1.1 GET http://localhost:5263/swagger/index.html - 200 - text/html;charset=utf-8 1467.5734ms 
2025-04-21 16:45:34.9258|DEBUG|Microsoft.AspNetCore.Server.Kestrel.Connections|Connection id "0HNC0RB48AKNH" accepted. 
2025-04-21 16:45:34.9258|DEBUG|Microsoft.AspNetCore.Server.Kestrel.Connections|Connection id "0HNC0RB48AKNH" started. 
2025-04-21 16:45:34.9258|INFO|Microsoft.AspNetCore.Hosting.Diagnostics|Request starting HTTP/1.1 GET http://localhost:5263/swagger/swagger-ui.css - - - 
2025-04-21 16:45:34.9258|DEBUG|Microsoft.AspNetCore.Server.Kestrel.Connections|Connection id "0HNC0RB48AKNI" accepted. 
2025-04-21 16:45:34.9258|INFO|Microsoft.AspNetCore.Hosting.Diagnostics|Request starting HTTP/1.1 GET http://localhost:5263/swagger/index.css - - - 
2025-04-21 16:45:34.9258|DEBUG|Microsoft.AspNetCore.Server.Kestrel.Connections|Connection id "0HNC0RB48AKNI" started. 
2025-04-21 16:45:34.9258|INFO|Microsoft.AspNetCore.Hosting.Diagnostics|Request starting HTTP/1.1 GET http://localhost:5263/swagger/swagger-ui-standalone-preset.js - - - 
2025-04-21 16:45:34.9258|INFO|Microsoft.AspNetCore.Hosting.Diagnostics|Request starting HTTP/1.1 GET http://localhost:5263/swagger/swagger-ui-bundle.js - - - 
2025-04-21 16:45:34.9258|DEBUG|Microsoft.AspNetCore.Server.Kestrel.Connections|Connection id "0HNC0RB48AKNJ" accepted. 
2025-04-21 16:45:34.9258|DEBUG|Microsoft.AspNetCore.Server.Kestrel.Connections|Connection id "0HNC0RB48AKNJ" started. 
2025-04-21 16:45:34.9258|INFO|Microsoft.AspNetCore.Hosting.Diagnostics|Request starting HTTP/1.1 GET http://localhost:5263/swagger/index.js - - - 
2025-04-21 16:45:34.9432|DEBUG|Microsoft.AspNetCore.Server.Kestrel.Connections|Connection id "0HNC0RB48AKNK" accepted. 
2025-04-21 16:45:34.9432|DEBUG|Microsoft.AspNetCore.Server.Kestrel.Connections|Connection id "0HNC0RB48AKNK" started. 
2025-04-21 16:45:34.9432|INFO|Microsoft.AspNetCore.Hosting.Diagnostics|Request starting HTTP/1.1 GET http://localhost:5263/_framework/aspnetcore-browser-refresh.js - - - 
2025-04-21 16:45:34.9432|DEBUG|Microsoft.AspNetCore.Server.Kestrel.Connections|Connection id "0HNC0RB48AKNJ" completed keep alive response. 
2025-04-21 16:45:34.9432|INFO|Microsoft.AspNetCore.Hosting.Diagnostics|Request finished HTTP/1.1 GET http://localhost:5263/swagger/index.js - 200 - application/javascript;charset=utf-8 6.0724ms 
2025-04-21 16:45:34.9432|DEBUG|Microsoft.AspNetCore.Server.Kestrel.Connections|Connection id "0HNC0RB48AKNK" completed keep alive response. 
2025-04-21 16:45:34.9432|INFO|Microsoft.AspNetCore.Hosting.Diagnostics|Request finished HTTP/1.1 GET http://localhost:5263/_framework/aspnetcore-browser-refresh.js - 200 13762 application/javascript;+charset=utf-8 5.3373ms 
2025-04-21 16:45:34.9579|INFO|Microsoft.AspNetCore.StaticFiles.StaticFileMiddleware|Sending file. Request path: '/index.css'. Physical path: 'N/A' 
2025-04-21 16:45:34.9579|DEBUG|Microsoft.AspNetCore.Server.Kestrel.Connections|Connection id "0HNC0RB48AKNG" completed keep alive response. 
2025-04-21 16:45:34.9579|INFO|Microsoft.AspNetCore.Hosting.Diagnostics|Request finished HTTP/1.1 GET http://localhost:5263/swagger/index.css - 200 202 text/css 26.0753ms 
2025-04-21 16:45:34.9824|INFO|Microsoft.AspNetCore.StaticFiles.StaticFileMiddleware|Sending file. Request path: '/swagger-ui-standalone-preset.js'. Physical path: 'N/A' 
2025-04-21 16:45:34.9824|INFO|Microsoft.AspNetCore.StaticFiles.StaticFileMiddleware|Sending file. Request path: '/swagger-ui.css'. Physical path: 'N/A' 
2025-04-21 16:45:34.9932|DEBUG|Microsoft.AspNetCore.Server.Kestrel.Connections|Connection id "0HNC0RB48AKNF" completed keep alive response. 
2025-04-21 16:45:34.9932|DEBUG|Microsoft.AspNetCore.Server.Kestrel.Connections|Connection id "0HNC0RB48AKNI" completed keep alive response. 
2025-04-21 16:45:34.9932|INFO|Microsoft.AspNetCore.Hosting.Diagnostics|Request finished HTTP/1.1 GET http://localhost:5263/swagger/swagger-ui.css - 200 154948 text/css 61.7225ms 
2025-04-21 16:45:34.9932|INFO|Microsoft.AspNetCore.Hosting.Diagnostics|Request finished HTTP/1.1 GET http://localhost:5263/swagger/swagger-ui-standalone-preset.js - 200 229223 text/javascript 59.9258ms 
2025-04-21 16:45:35.0127|INFO|Microsoft.AspNetCore.StaticFiles.StaticFileMiddleware|Sending file. Request path: '/swagger-ui-bundle.js'. Physical path: 'N/A' 
2025-04-21 16:45:35.0127|DEBUG|Microsoft.AspNetCore.Server.Kestrel.Connections|Connection id "0HNC0RB48AKNH" completed keep alive response. 
2025-04-21 16:45:35.0127|INFO|Microsoft.AspNetCore.Hosting.Diagnostics|Request finished HTTP/1.1 GET http://localhost:5263/swagger/swagger-ui-bundle.js - 200 1466741 text/javascript 79.4992ms 
2025-04-21 16:45:36.2682|INFO|Microsoft.AspNetCore.Hosting.Diagnostics|Request starting HTTP/1.1 GET http://localhost:5263/swagger/favicon-32x32.png - - - 
2025-04-21 16:45:36.2699|INFO|Microsoft.AspNetCore.StaticFiles.StaticFileMiddleware|Sending file. Request path: '/favicon-32x32.png'. Physical path: 'N/A' 
2025-04-21 16:45:36.2699|DEBUG|Microsoft.AspNetCore.Server.Kestrel.Connections|Connection id "0HNC0RB48AKNH" completed keep alive response. 
2025-04-21 16:45:36.2699|INFO|Microsoft.AspNetCore.Hosting.Diagnostics|Request finished HTTP/1.1 GET http://localhost:5263/swagger/favicon-32x32.png - 200 628 image/png 2.4597ms 
2025-04-21 16:45:36.3578|INFO|Microsoft.AspNetCore.Hosting.Diagnostics|Request starting HTTP/1.1 GET http://localhost:5263/swagger/v1/swagger.json - - - 
2025-04-21 16:45:36.3838|DEBUG|Microsoft.AspNetCore.Server.Kestrel.Connections|Connection id "0HNC0RB48AKNH" completed keep alive response. 
2025-04-21 16:45:36.3838|INFO|Microsoft.AspNetCore.Hosting.Diagnostics|Request finished HTTP/1.1 GET http://localhost:5263/swagger/v1/swagger.json - 200 - application/json;charset=utf-8 26.4533ms 
